TpTrace Verbose: 0 : 1948, 1, 2022/06/19, 00:55:07.544, 18593444540, vstest.console.dll, Version: 17.2.0-release-20220408-11 Current process architecture: X64
TpTrace Information: 0 : 1948, 1, 2022/06/19, 00:55:07.556, 18593560064, vstest.console.dll, FilePatternParser: The given file C:\Users\Decagon\source\repos\Portfolio_DM\MyPortfolioest\bin\Debug\net5.0\fine-code-coverage\build-output\MyPortfolioTest.dll is a full path.
TpTrace Verbose: 0 : 1948, 1, 2022/06/19, 00:55:07.564, 18593645494, vstest.console.dll, TestPluginCache.DiscoverTestExtensions: finding test extensions in assemblies ends with: RuntimeProvider.dll TPluginInfo: Microsoft.VisualStudio.TestPlatform.Common.ExtensionFramework.Utilities.TestRuntimePluginInformation TExtension: Microsoft.VisualStudio.TestPlatform.ObjectModel.Host.ITestRuntimeProvider
TpTrace Verbose: 0 : 1948, 1, 2022/06/19, 00:55:07.565, 18593656821, vstest.console.dll, TestPluginCache.GetExtensionPaths: Filtered extension paths: 
TpTrace Verbose: 0 : 1948, 1, 2022/06/19, 00:55:07.566, 18593658352, vstest.console.dll, TestPluginCache.GetExtensionPaths: Added default extension paths: C:\Program Files\dotnet\sdk\6.0.300\Extensions\DumpMinitool.exe
C:\Program Files\dotnet\sdk\6.0.300\Extensions\DumpMinitool.x86.exe
C:\Program Files\dotnet\sdk\6.0.300\Extensions\Microsoft.Diagnostics.NETCore.Client.dll
C:\Program Files\dotnet\sdk\6.0.300\Extensions\Microsoft.TestPlatform.Extensions.BlameDataCollector.dll
C:\Program Files\dotnet\sdk\6.0.300\Extensions\Microsoft.TestPlatform.Extensions.EventLogCollector.dll
C:\Program Files\dotnet\sdk\6.0.300\Extensions\Microsoft.TestPlatform.TestHostRuntimeProvider.dll
C:\Program Files\dotnet\sdk\6.0.300\Extensions\Microsoft.VisualStudio.TestPlatform.Extensions.Html.TestLogger.dll
C:\Program Files\dotnet\sdk\6.0.300\Extensions\Microsoft.VisualStudio.TestPlatform.Extensions.Trx.TestLogger.dll
TpTrace Verbose: 0 : 1948, 1, 2022/06/19, 00:55:07.566, 18593658778, vstest.console.dll, TestPluginCache.GetExtensionPaths: Added unfilterableExtensionPaths: 
TpTrace Information: 0 : 1948, 1, 2022/06/19, 00:55:07.566, 18593667973, vstest.console.dll, AssemblyResolver.ctor: Creating AssemblyResolver with searchDirectories C:\Program Files\dotnet\sdk\6.0.300\Extensions,C:\Program Files\dotnet\sdk\6.0.300
TpTrace Verbose: 0 : 1948, 1, 2022/06/19, 00:55:07.569, 18593688066, vstest.console.dll, TestPluginCache.DiscoverTestExtensions: Discovering the extensions using extension path.
TpTrace Verbose: 0 : 1948, 1, 2022/06/19, 00:55:07.569, 18593690000, vstest.console.dll, TestPluginCache.GetExtensionPaths: Filtered extension paths: 
TpTrace Verbose: 0 : 1948, 1, 2022/06/19, 00:55:07.569, 18593690460, vstest.console.dll, TestPluginCache.GetExtensionPaths: Added default extension paths: C:\Program Files\dotnet\sdk\6.0.300\Extensions\DumpMinitool.exe
C:\Program Files\dotnet\sdk\6.0.300\Extensions\DumpMinitool.x86.exe
C:\Program Files\dotnet\sdk\6.0.300\Extensions\Microsoft.Diagnostics.NETCore.Client.dll
C:\Program Files\dotnet\sdk\6.0.300\Extensions\Microsoft.TestPlatform.Extensions.BlameDataCollector.dll
C:\Program Files\dotnet\sdk\6.0.300\Extensions\Microsoft.TestPlatform.Extensions.EventLogCollector.dll
C:\Program Files\dotnet\sdk\6.0.300\Extensions\Microsoft.TestPlatform.TestHostRuntimeProvider.dll
C:\Program Files\dotnet\sdk\6.0.300\Extensions\Microsoft.VisualStudio.TestPlatform.Extensions.Html.TestLogger.dll
C:\Program Files\dotnet\sdk\6.0.300\Extensions\Microsoft.VisualStudio.TestPlatform.Extensions.Trx.TestLogger.dll
TpTrace Verbose: 0 : 1948, 1, 2022/06/19, 00:55:07.569, 18593690732, vstest.console.dll, TestPluginCache.GetExtensionPaths: Added unfilterableExtensionPaths: 
TpTrace Verbose: 0 : 1948, 1, 2022/06/19, 00:55:07.569, 18593691312, vstest.console.dll, TestPluginCache.DiscoverTestExtensions: Discovering the extensions using allExtensionPaths: C:\Program Files\dotnet\sdk\6.0.300\Extensions\DumpMinitool.exe
C:\Program Files\dotnet\sdk\6.0.300\Extensions\DumpMinitool.x86.exe
C:\Program Files\dotnet\sdk\6.0.300\Extensions\Microsoft.Diagnostics.NETCore.Client.dll
C:\Program Files\dotnet\sdk\6.0.300\Extensions\Microsoft.TestPlatform.Extensions.BlameDataCollector.dll
C:\Program Files\dotnet\sdk\6.0.300\Extensions\Microsoft.TestPlatform.Extensions.EventLogCollector.dll
C:\Program Files\dotnet\sdk\6.0.300\Extensions\Microsoft.TestPlatform.TestHostRuntimeProvider.dll
C:\Program Files\dotnet\sdk\6.0.300\Extensions\Microsoft.VisualStudio.TestPlatform.Extensions.Html.TestLogger.dll
C:\Program Files\dotnet\sdk\6.0.300\Extensions\Microsoft.VisualStudio.TestPlatform.Extensions.Trx.TestLogger.dll
TpTrace Information: 0 : 1948, 1, 2022/06/19, 00:55:07.569, 18593693159, vstest.console.dll, AssemblyResolver.AddSearchDirectories: Adding more searchDirectories C:\Program Files\dotnet\sdk\6.0.300\Extensions,C:\Program Files\dotnet\sdk\6.0.300
TpTrace Information: 0 : 1948, 1, 2022/06/19, 00:55:07.569, 18593693724, vstest.console.dll, AssemblyResolver.AddSearchDirectories: Adding more searchDirectories C:\Program Files\dotnet\sdk\6.0.300\Extensions,C:\Program Files\dotnet\sdk\6.0.300
TpTrace Information: 0 : 1948, 1, 2022/06/19, 00:55:07.569, 18593694003, vstest.console.dll, AssemblyResolver.AddSearchDirectories: Adding more searchDirectories C:\Program Files\dotnet\sdk\6.0.300\Extensions,C:\Program Files\dotnet\sdk\6.0.300
TpTrace Information: 0 : 1948, 1, 2022/06/19, 00:55:07.569, 18593694338, vstest.console.dll, AssemblyResolver.AddSearchDirectories: Adding more searchDirectories C:\Program Files\dotnet\sdk\6.0.300\Extensions,C:\Program Files\dotnet\sdk\6.0.300
TpTrace Information: 0 : 1948, 1, 2022/06/19, 00:55:07.569, 18593694581, vstest.console.dll, AssemblyResolver.AddSearchDirectories: Adding more searchDirectories C:\Program Files\dotnet\sdk\6.0.300\Extensions,C:\Program Files\dotnet\sdk\6.0.300
TpTrace Information: 0 : 1948, 1, 2022/06/19, 00:55:07.569, 18593694815, vstest.console.dll, AssemblyResolver.AddSearchDirectories: Adding more searchDirectories C:\Program Files\dotnet\sdk\6.0.300\Extensions,C:\Program Files\dotnet\sdk\6.0.300
TpTrace Information: 0 : 1948, 1, 2022/06/19, 00:55:07.569, 18593695046, vstest.console.dll, AssemblyResolver.AddSearchDirectories: Adding more searchDirectories C:\Program Files\dotnet\sdk\6.0.300\Extensions,C:\Program Files\dotnet\sdk\6.0.300
TpTrace Information: 0 : 1948, 1, 2022/06/19, 00:55:07.569, 18593695314, vstest.console.dll, AssemblyResolver.AddSearchDirectories: Adding more searchDirectories C:\Program Files\dotnet\sdk\6.0.300\Extensions,C:\Program Files\dotnet\sdk\6.0.300
TpTrace Information: 0 : 1948, 1, 2022/06/19, 00:55:07.570, 18593698770, vstest.console.dll, AssemblyResolver.OnResolve: DumpMinitool: Resolving assembly.
TpTrace Information: 0 : 1948, 1, 2022/06/19, 00:55:07.570, 18593699456, vstest.console.dll, AssemblyResolver.OnResolve: DumpMinitool: Searching in: 'C:\Program Files\dotnet\sdk\6.0.300\Extensions'.
TpTrace Information: 0 : 1948, 1, 2022/06/19, 00:55:07.570, 18593700344, vstest.console.dll, AssemblyResolver.OnResolve: DumpMinitool: Assembly path does not exist: 'C:\Program Files\dotnet\sdk\6.0.300\Extensions\DumpMinitool.dll', returning.
TpTrace Information: 0 : 1948, 1, 2022/06/19, 00:55:07.570, 18593707624, vstest.console.dll, AssemblyResolver.OnResolve: DumpMinitool: Loading assembly 'C:\Program Files\dotnet\sdk\6.0.300\Extensions\DumpMinitool.exe'.
TpTrace Information: 0 : 1948, 1, 2022/06/19, 00:55:07.571, 18593715544, vstest.console.dll, AssemblyResolver.OnResolve: Resolved assembly: DumpMinitool, from path: C:\Program Files\dotnet\sdk\6.0.300\Extensions\DumpMinitool.exe
TpTrace Verbose: 0 : 1948, 1, 2022/06/19, 00:55:07.577, 18593773127, vstest.console.dll, MetadataReaderExtensionsHelper: Discovering extensions inside assembly 'DumpMinitool, Version=15.0.0.0, Culture=neutral, PublicKeyToken=b03f5f7f11d50a3a' file path 'C:\Program Files\dotnet\sdk\6.0.300\Extensions\DumpMinitool.exe'
TpTrace Information: 0 : 1948, 1, 2022/06/19, 00:55:07.585, 18593852453, vstest.console.dll, AssemblyResolver.OnResolve: DumpMinitool.x86: Resolving assembly.
TpTrace Information: 0 : 1948, 1, 2022/06/19, 00:55:07.585, 18593853139, vstest.console.dll, AssemblyResolver.OnResolve: DumpMinitool.x86: Searching in: 'C:\Program Files\dotnet\sdk\6.0.300\Extensions'.
TpTrace Information: 0 : 1948, 1, 2022/06/19, 00:55:07.585, 18593854065, vstest.console.dll, AssemblyResolver.OnResolve: DumpMinitool.x86: Assembly path does not exist: 'C:\Program Files\dotnet\sdk\6.0.300\Extensions\DumpMinitool.x86.dll', returning.
TpTrace Information: 0 : 1948, 1, 2022/06/19, 00:55:07.586, 18593859636, vstest.console.dll, AssemblyResolver.OnResolve: DumpMinitool.x86: Loading assembly 'C:\Program Files\dotnet\sdk\6.0.300\Extensions\DumpMinitool.x86.exe'.
TpTrace Information: 0 : 1948, 1, 2022/06/19, 00:55:07.586, 18593866981, vstest.console.dll, AssemblyResolver.OnResolve: Resolved assembly: DumpMinitool.x86, from path: C:\Program Files\dotnet\sdk\6.0.300\Extensions\DumpMinitool.x86.exe
TpTrace Verbose: 0 : 1948, 1, 2022/06/19, 00:55:07.586, 18593867558, vstest.console.dll, MetadataReaderExtensionsHelper: Discovering extensions inside assembly 'DumpMinitool.x86, Version=15.0.0.0, Culture=neutral, PublicKeyToken=b03f5f7f11d50a3a' file path 'C:\Program Files\dotnet\sdk\6.0.300\Extensions\DumpMinitool.x86.exe'
TpTrace Information: 0 : 1948, 1, 2022/06/19, 00:55:07.587, 18593875085, vstest.console.dll, AssemblyResolver.OnResolve: Microsoft.Diagnostics.NETCore.Client: Resolving assembly.
TpTrace Information: 0 : 1948, 1, 2022/06/19, 00:55:07.587, 18593875503, vstest.console.dll, AssemblyResolver.OnResolve: Microsoft.Diagnostics.NETCore.Client: Searching in: 'C:\Program Files\dotnet\sdk\6.0.300\Extensions'.
TpTrace Information: 0 : 1948, 1, 2022/06/19, 00:55:07.588, 18593879659, vstest.console.dll, AssemblyResolver.OnResolve: Microsoft.Diagnostics.NETCore.Client: Loading assembly 'C:\Program Files\dotnet\sdk\6.0.300\Extensions\Microsoft.Diagnostics.NETCore.Client.dll'.
TpTrace Information: 0 : 1948, 1, 2022/06/19, 00:55:07.588, 18593886573, vstest.console.dll, AssemblyResolver.OnResolve: Resolved assembly: Microsoft.Diagnostics.NETCore.Client, from path: C:\Program Files\dotnet\sdk\6.0.300\Extensions\Microsoft.Diagnostics.NETCore.Client.dll
TpTrace Verbose: 0 : 1948, 1, 2022/06/19, 00:55:07.588, 18593887169, vstest.console.dll, MetadataReaderExtensionsHelper: Discovering extensions inside assembly 'Microsoft.Diagnostics.NETCore.Client, Version=0.2.5.801, Culture=neutral, PublicKeyToken=31bf3856ad364e35' file path 'C:\Program Files\dotnet\sdk\6.0.300\Extensions\Microsoft.Diagnostics.NETCore.Client.dll'
TpTrace Information: 0 : 1948, 1, 2022/06/19, 00:55:07.597, 18593976776, vstest.console.dll, AssemblyResolver.OnResolve: Microsoft.Bcl.AsyncInterfaces: Resolving assembly.
TpTrace Information: 0 : 1948, 1, 2022/06/19, 00:55:07.597, 18593977818, vstest.console.dll, AssemblyResolver.OnResolve: Microsoft.Bcl.AsyncInterfaces: Searching in: 'C:\Program Files\dotnet\sdk\6.0.300\Extensions'.
TpTrace Information: 0 : 1948, 1, 2022/06/19, 00:55:07.598, 18593979770, vstest.console.dll, AssemblyResolver.OnResolve: Microsoft.Bcl.AsyncInterfaces: Assembly path does not exist: 'C:\Program Files\dotnet\sdk\6.0.300\Extensions\Microsoft.Bcl.AsyncInterfaces.dll', returning.
TpTrace Information: 0 : 1948, 1, 2022/06/19, 00:55:07.598, 18593980247, vstest.console.dll, AssemblyResolver.OnResolve: Microsoft.Bcl.AsyncInterfaces: Assembly path does not exist: 'C:\Program Files\dotnet\sdk\6.0.300\Extensions\Microsoft.Bcl.AsyncInterfaces.exe', returning.
TpTrace Information: 0 : 1948, 1, 2022/06/19, 00:55:07.598, 18593980483, vstest.console.dll, AssemblyResolver.OnResolve: Microsoft.Bcl.AsyncInterfaces: Searching in: 'C:\Program Files\dotnet\sdk\6.0.300'.
TpTrace Information: 0 : 1948, 1, 2022/06/19, 00:55:07.598, 18593980883, vstest.console.dll, AssemblyResolver.OnResolve: Microsoft.Bcl.AsyncInterfaces: Assembly path does not exist: 'C:\Program Files\dotnet\sdk\6.0.300\Microsoft.Bcl.AsyncInterfaces.dll', returning.
TpTrace Information: 0 : 1948, 1, 2022/06/19, 00:55:07.598, 18593981241, vstest.console.dll, AssemblyResolver.OnResolve: Microsoft.Bcl.AsyncInterfaces: Assembly path does not exist: 'C:\Program Files\dotnet\sdk\6.0.300\Microsoft.Bcl.AsyncInterfaces.exe', returning.
TpTrace Information: 0 : 1948, 1, 2022/06/19, 00:55:07.598, 18593981612, vstest.console.dll, AssemblyResolver.OnResolve: Microsoft.Bcl.AsyncInterfaces: Failed to load assembly.
TpTrace Verbose: 0 : 1948, 1, 2022/06/19, 00:55:07.598, 18593982011, vstest.console.dll, CurrentDomainAssemblyResolve: Resolving assembly 'Microsoft.Bcl.AsyncInterfaces'.
TpTrace Information: 0 : 1948, 1, 2022/06/19, 00:55:07.598, 18593982528, vstest.console.dll, AssemblyResolver.OnResolve: Microsoft.Bcl.AsyncInterfaces: Resolving assembly.
TpTrace Information: 0 : 1948, 1, 2022/06/19, 00:55:07.598, 18593982860, vstest.console.dll, AssemblyResolver.OnResolve: Microsoft.Bcl.AsyncInterfaces: Resolved from cache.
TpTrace Verbose: 0 : 1948, 1, 2022/06/19, 00:55:07.598, 18593983102, vstest.console.dll, CurrentDomainAssemblyResolve: Resolving assembly 'Microsoft.Bcl.AsyncInterfaces'.
TpTrace Verbose: 0 : 1948, 1, 2022/06/19, 00:55:07.598, 18593983484, vstest.console.dll, CurrentDomainAssemblyResolve: Failed to resolve assembly 'Microsoft.Bcl.AsyncInterfaces'.
TpTrace Verbose: 0 : 1948, 1, 2022/06/19, 00:55:07.599, 18593994979, vstest.console.dll, CurrentDomainAssemblyResolve: Failed to resolve assembly 'Microsoft.Bcl.AsyncInterfaces'.
TpTrace Warning: 0 : 1948, 1, 2022/06/19, 00:55:07.614, 18594144733, vstest.console.dll, TestPluginDiscoverer: Failed to get types from assembly 'Microsoft.Diagnostics.NETCore.Client, Version=0.2.5.801, Culture=neutral, PublicKeyToken=31bf3856ad364e35'. Error: System.Reflection.ReflectionTypeLoadException: Unable to load one or more of the requested types.
Could not load file or assembly 'Microsoft.Bcl.AsyncInterfaces, Version=1.0.0.0, Culture=neutral, PublicKeyToken=cc7b13ffcd2ddd51'. The system cannot find the file specified.
   at System.Reflection.RuntimeModule.GetTypes(RuntimeModule module)
   at System.Reflection.Assembly.GetTypes()
   at Microsoft.VisualStudio.TestPlatform.Common.ExtensionFramework.TestPluginDiscoverer.GetTestExtensionsFromAssembly[TPluginInfo,TExtension](Assembly assembly, Dictionary`2 pluginInfos, String filePath)
System.IO.FileNotFoundException: Could not load file or assembly 'Microsoft.Bcl.AsyncInterfaces, Version=1.0.0.0, Culture=neutral, PublicKeyToken=cc7b13ffcd2ddd51'. The system cannot find the file specified.
File name: 'Microsoft.Bcl.AsyncInterfaces, Version=1.0.0.0, Culture=neutral, PublicKeyToken=cc7b13ffcd2ddd51'
 ---> System.IO.FileNotFoundException: Could not load file or assembly 'Microsoft.Bcl.AsyncInterfaces, Culture=neutral, PublicKeyToken=null'. The system cannot find the file specified.
File name: 'Microsoft.Bcl.AsyncInterfaces, Culture=neutral, PublicKeyToken=null'
   at System.Reflection.RuntimeAssembly.InternalLoad(ObjectHandleOnStack assemblyName, ObjectHandleOnStack requestingAssembly, StackCrawlMarkHandle stackMark, Boolean throwOnFileNotFound, ObjectHandleOnStack assemblyLoadContext, ObjectHandleOnStack retAssembly)
   at System.Reflection.RuntimeAssembly.InternalLoad(AssemblyName assemblyName, RuntimeAssembly requestingAssembly, StackCrawlMark& stackMark, Boolean throwOnFileNotFound, AssemblyLoadContext assemblyLoadContext)
   at System.Reflection.Assembly.Load(AssemblyName assemblyRef)
   at Microsoft.VisualStudio.TestPlatform.Common.ExtensionFramework.TestPluginCache.CurrentDomainAssemblyResolve(Object sender, AssemblyResolveEventArgs args)
   at Microsoft.VisualStudio.TestPlatform.PlatformAbstractions.PlatformAssemblyResolver.AssemblyResolverEvent(Object sender, Object eventArgs)
   at System.Runtime.Loader.AssemblyLoadContext.GetFirstResolvedAssemblyFromResolvingEvent(AssemblyName assemblyName)
   at System.Runtime.Loader.AssemblyLoadContext.ResolveUsingEvent(AssemblyName assemblyName)
   at System.Runtime.Loader.AssemblyLoadContext.ResolveUsingResolvingEvent(IntPtr gchManagedAssemblyLoadContext, AssemblyName assemblyName)
TpTrace Warning: 0 : 1948, 1, 2022/06/19, 00:55:07.614, 18594147135, vstest.console.dll, LoaderExceptions: System.IO.FileNotFoundException: Could not load file or assembly 'Microsoft.Bcl.AsyncInterfaces, Version=1.0.0.0, Culture=neutral, PublicKeyToken=cc7b13ffcd2ddd51'. The system cannot find the file specified.
File name: 'Microsoft.Bcl.AsyncInterfaces, Version=1.0.0.0, Culture=neutral, PublicKeyToken=cc7b13ffcd2ddd51'
 ---> System.IO.FileNotFoundException: Could not load file or assembly 'Microsoft.Bcl.AsyncInterfaces, Culture=neutral, PublicKeyToken=null'. The system cannot find the file specified.
File name: 'Microsoft.Bcl.AsyncInterfaces, Culture=neutral, PublicKeyToken=null'
   at System.Reflection.RuntimeAssembly.InternalLoad(ObjectHandleOnStack assemblyName, ObjectHandleOnStack requestingAssembly, StackCrawlMarkHandle stackMark, Boolean throwOnFileNotFound, ObjectHandleOnStack assemblyLoadContext, ObjectHandleOnStack retAssembly)
   at System.Reflection.RuntimeAssembly.InternalLoad(AssemblyName assemblyName, RuntimeAssembly requestingAssembly, StackCrawlMark& stackMark, Boolean throwOnFileNotFound, AssemblyLoadContext assemblyLoadContext)
   at System.Reflection.Assembly.Load(AssemblyName assemblyRef)
   at Microsoft.VisualStudio.TestPlatform.Common.ExtensionFramework.TestPluginCache.CurrentDomainAssemblyResolve(Object sender, AssemblyResolveEventArgs args)
   at Microsoft.VisualStudio.TestPlatform.PlatformAbstractions.PlatformAssemblyResolver.AssemblyResolverEvent(Object sender, Object eventArgs)
   at System.Runtime.Loader.AssemblyLoadContext.GetFirstResolvedAssemblyFromResolvingEvent(AssemblyName assemblyName)
   at System.Runtime.Loader.AssemblyLoadContext.ResolveUsingEvent(AssemblyName assemblyName)
   at System.Runtime.Loader.AssemblyLoadContext.ResolveUsingResolvingEvent(IntPtr gchManagedAssemblyLoadContext, AssemblyName assemblyName)
TpTrace Information: 0 : 1948, 1, 2022/06/19, 00:55:07.615, 18594148641, vstest.console.dll, AssemblyResolver.OnResolve: Microsoft.TestPlatform.Extensions.BlameDataCollector: Resolving assembly.
TpTrace Information: 0 : 1948, 1, 2022/06/19, 00:55:07.615, 18594149031, vstest.console.dll, AssemblyResolver.OnResolve: Microsoft.TestPlatform.Extensions.BlameDataCollector: Searching in: 'C:\Program Files\dotnet\sdk\6.0.300\Extensions'.
TpTrace Information: 0 : 1948, 1, 2022/06/19, 00:55:07.615, 18594157624, vstest.console.dll, AssemblyResolver.OnResolve: Microsoft.TestPlatform.Extensions.BlameDataCollector: Loading assembly 'C:\Program Files\dotnet\sdk\6.0.300\Extensions\Microsoft.TestPlatform.Extensions.BlameDataCollector.dll'.
TpTrace Information: 0 : 1948, 1, 2022/06/19, 00:55:07.617, 18594168259, vstest.console.dll, AssemblyResolver.OnResolve: Resolved assembly: Microsoft.TestPlatform.Extensions.BlameDataCollector, from path: C:\Program Files\dotnet\sdk\6.0.300\Extensions\Microsoft.TestPlatform.Extensions.BlameDataCollector.dll
TpTrace Verbose: 0 : 1948, 1, 2022/06/19, 00:55:07.617, 18594169382, vstest.console.dll, MetadataReaderExtensionsHelper: Discovering extensions inside assembly 'Microsoft.TestPlatform.Extensions.BlameDataCollector, Version=15.0.0.0, Culture=neutral, PublicKeyToken=b03f5f7f11d50a3a' file path 'C:\Program Files\dotnet\sdk\6.0.300\Extensions\Microsoft.TestPlatform.Extensions.BlameDataCollector.dll'
TpTrace Information: 0 : 1948, 1, 2022/06/19, 00:55:07.618, 18594186213, vstest.console.dll, AssemblyResolver.OnResolve: Microsoft.TestPlatform.Extensions.EventLogCollector: Resolving assembly.
TpTrace Information: 0 : 1948, 1, 2022/06/19, 00:55:07.618, 18594186708, vstest.console.dll, AssemblyResolver.OnResolve: Microsoft.TestPlatform.Extensions.EventLogCollector: Searching in: 'C:\Program Files\dotnet\sdk\6.0.300\Extensions'.
TpTrace Information: 0 : 1948, 1, 2022/06/19, 00:55:07.619, 18594195621, vstest.console.dll, AssemblyResolver.OnResolve: Microsoft.TestPlatform.Extensions.EventLogCollector: Loading assembly 'C:\Program Files\dotnet\sdk\6.0.300\Extensions\Microsoft.TestPlatform.Extensions.EventLogCollector.dll'.
TpTrace Information: 0 : 1948, 1, 2022/06/19, 00:55:07.620, 18594202767, vstest.console.dll, AssemblyResolver.OnResolve: Resolved assembly: Microsoft.TestPlatform.Extensions.EventLogCollector, from path: C:\Program Files\dotnet\sdk\6.0.300\Extensions\Microsoft.TestPlatform.Extensions.EventLogCollector.dll
TpTrace Verbose: 0 : 1948, 1, 2022/06/19, 00:55:07.620, 18594203396, vstest.console.dll, MetadataReaderExtensionsHelper: Discovering extensions inside assembly 'Microsoft.TestPlatform.Extensions.EventLogCollector, Version=15.0.0.0, Culture=neutral, PublicKeyToken=b03f5f7f11d50a3a' file path 'C:\Program Files\dotnet\sdk\6.0.300\Extensions\Microsoft.TestPlatform.Extensions.EventLogCollector.dll'
TpTrace Information: 0 : 1948, 1, 2022/06/19, 00:55:07.622, 18594227020, vstest.console.dll, AssemblyResolver.OnResolve: Microsoft.TestPlatform.TestHostRuntimeProvider: Resolving assembly.
TpTrace Information: 0 : 1948, 1, 2022/06/19, 00:55:07.623, 18594228123, vstest.console.dll, AssemblyResolver.OnResolve: Microsoft.TestPlatform.TestHostRuntimeProvider: Searching in: 'C:\Program Files\dotnet\sdk\6.0.300\Extensions'.
TpTrace Information: 0 : 1948, 1, 2022/06/19, 00:55:07.623, 18594233729, vstest.console.dll, AssemblyResolver.OnResolve: Microsoft.TestPlatform.TestHostRuntimeProvider: Loading assembly 'C:\Program Files\dotnet\sdk\6.0.300\Extensions\Microsoft.TestPlatform.TestHostRuntimeProvider.dll'.
TpTrace Information: 0 : 1948, 1, 2022/06/19, 00:55:07.624, 18594243449, vstest.console.dll, AssemblyResolver.OnResolve: Resolved assembly: Microsoft.TestPlatform.TestHostRuntimeProvider, from path: C:\Program Files\dotnet\sdk\6.0.300\Extensions\Microsoft.TestPlatform.TestHostRuntimeProvider.dll
TpTrace Verbose: 0 : 1948, 1, 2022/06/19, 00:55:07.624, 18594244333, vstest.console.dll, MetadataReaderExtensionsHelper: Discovering extensions inside assembly 'Microsoft.TestPlatform.TestHostRuntimeProvider, Version=15.0.0.0, Culture=neutral, PublicKeyToken=b03f5f7f11d50a3a' file path 'C:\Program Files\dotnet\sdk\6.0.300\Extensions\Microsoft.TestPlatform.TestHostRuntimeProvider.dll'
TpTrace Information: 0 : 1948, 1, 2022/06/19, 00:55:07.626, 18594264713, vstest.console.dll, GetTestExtensionFromType: Register extension with identifier data 'HostProvider://DefaultTestHost' and type 'Microsoft.VisualStudio.TestPlatform.CrossPlatEngine.Hosting.DefaultTestHostManager, Microsoft.TestPlatform.TestHostRuntimeProvider, Version=15.0.0.0, Culture=neutral, PublicKeyToken=b03f5f7f11d50a3a' inside file 'C:\Program Files\dotnet\sdk\6.0.300\Extensions\Microsoft.TestPlatform.TestHostRuntimeProvider.dll'
TpTrace Information: 0 : 1948, 1, 2022/06/19, 00:55:07.626, 18594265515, vstest.console.dll, GetTestExtensionFromType: Register extension with identifier data 'HostProvider://DotnetTestHost' and type 'Microsoft.VisualStudio.TestPlatform.CrossPlatEngine.Hosting.DotnetTestHostManager, Microsoft.TestPlatform.TestHostRuntimeProvider, Version=15.0.0.0, Culture=neutral, PublicKeyToken=b03f5f7f11d50a3a' inside file 'C:\Program Files\dotnet\sdk\6.0.300\Extensions\Microsoft.TestPlatform.TestHostRuntimeProvider.dll'
TpTrace Information: 0 : 1948, 1, 2022/06/19, 00:55:07.626, 18594266255, vstest.console.dll, AssemblyResolver.OnResolve: Microsoft.VisualStudio.TestPlatform.Extensions.Html.TestLogger: Resolving assembly.
TpTrace Information: 0 : 1948, 1, 2022/06/19, 00:55:07.626, 18594266549, vstest.console.dll, AssemblyResolver.OnResolve: Microsoft.VisualStudio.TestPlatform.Extensions.Html.TestLogger: Searching in: 'C:\Program Files\dotnet\sdk\6.0.300\Extensions'.
TpTrace Information: 0 : 1948, 1, 2022/06/19, 00:55:07.627, 18594276160, vstest.console.dll, AssemblyResolver.OnResolve: Microsoft.VisualStudio.TestPlatform.Extensions.Html.TestLogger: Loading assembly 'C:\Program Files\dotnet\sdk\6.0.300\Extensions\Microsoft.VisualStudio.TestPlatform.Extensions.Html.TestLogger.dll'.
TpTrace Information: 0 : 1948, 1, 2022/06/19, 00:55:07.629, 18594289904, vstest.console.dll, AssemblyResolver.OnResolve: Resolved assembly: Microsoft.VisualStudio.TestPlatform.Extensions.Html.TestLogger, from path: C:\Program Files\dotnet\sdk\6.0.300\Extensions\Microsoft.VisualStudio.TestPlatform.Extensions.Html.TestLogger.dll
TpTrace Verbose: 0 : 1948, 1, 2022/06/19, 00:55:07.629, 18594290721, vstest.console.dll, MetadataReaderExtensionsHelper: Discovering extensions inside assembly 'Microsoft.VisualStudio.TestPlatform.Extensions.Html.TestLogger, Version=15.0.0.0, Culture=neutral, PublicKeyToken=b03f5f7f11d50a3a' file path 'C:\Program Files\dotnet\sdk\6.0.300\Extensions\Microsoft.VisualStudio.TestPlatform.Extensions.Html.TestLogger.dll'
TpTrace Information: 0 : 1948, 1, 2022/06/19, 00:55:07.630, 18594300744, vstest.console.dll, AssemblyResolver.OnResolve: Microsoft.VisualStudio.TestPlatform.Extensions.Trx.TestLogger: Resolving assembly.
TpTrace Information: 0 : 1948, 1, 2022/06/19, 00:55:07.630, 18594301450, vstest.console.dll, AssemblyResolver.OnResolve: Microsoft.VisualStudio.TestPlatform.Extensions.Trx.TestLogger: Searching in: 'C:\Program Files\dotnet\sdk\6.0.300\Extensions'.
TpTrace Information: 0 : 1948, 1, 2022/06/19, 00:55:07.631, 18594308868, vstest.console.dll, AssemblyResolver.OnResolve: Microsoft.VisualStudio.TestPlatform.Extensions.Trx.TestLogger: Loading assembly 'C:\Program Files\dotnet\sdk\6.0.300\Extensions\Microsoft.VisualStudio.TestPlatform.Extensions.Trx.TestLogger.dll'.
TpTrace Information: 0 : 1948, 1, 2022/06/19, 00:55:07.631, 18594317848, vstest.console.dll, AssemblyResolver.OnResolve: Resolved assembly: Microsoft.VisualStudio.TestPlatform.Extensions.Trx.TestLogger, from path: C:\Program Files\dotnet\sdk\6.0.300\Extensions\Microsoft.VisualStudio.TestPlatform.Extensions.Trx.TestLogger.dll
TpTrace Verbose: 0 : 1948, 1, 2022/06/19, 00:55:07.632, 18594318426, vstest.console.dll, MetadataReaderExtensionsHelper: Discovering extensions inside assembly 'Microsoft.VisualStudio.TestPlatform.Extensions.Trx.TestLogger, Version=15.0.0.0, Culture=neutral, PublicKeyToken=b03f5f7f11d50a3a' file path 'C:\Program Files\dotnet\sdk\6.0.300\Extensions\Microsoft.VisualStudio.TestPlatform.Extensions.Trx.TestLogger.dll'
TpTrace Verbose: 0 : 1948, 1, 2022/06/19, 00:55:07.633, 18594330532, vstest.console.dll, TestPluginCache: Discovered the extensions using extension path ''.
TpTrace Verbose: 0 : 1948, 1, 2022/06/19, 00:55:07.633, 18594331014, vstest.console.dll, TestPluginCache: Discoverers are ''.
TpTrace Verbose: 0 : 1948, 1, 2022/06/19, 00:55:07.633, 18594331327, vstest.console.dll, TestPluginCache: Executors are ''.
TpTrace Verbose: 0 : 1948, 1, 2022/06/19, 00:55:07.633, 18594331480, vstest.console.dll, TestPluginCache: Executors2 are ''.
TpTrace Verbose: 0 : 1948, 1, 2022/06/19, 00:55:07.633, 18594331628, vstest.console.dll, TestPluginCache: Setting providers are ''.
TpTrace Verbose: 0 : 1948, 1, 2022/06/19, 00:55:07.633, 18594331778, vstest.console.dll, TestPluginCache: Loggers are ''.
TpTrace Verbose: 0 : 1948, 1, 2022/06/19, 00:55:07.633, 18594333184, vstest.console.dll, TestPluginCache: TestHosts are 'HostProvider://DefaultTestHost,HostProvider://DotnetTestHost'.
TpTrace Verbose: 0 : 1948, 1, 2022/06/19, 00:55:07.633, 18594333458, vstest.console.dll, TestPluginCache: DataCollectors are ''.
TpTrace Information: 0 : 1948, 1, 2022/06/19, 00:55:07.647, 18594468301, vstest.console.dll, RunTestsArgumentProcessor:Execute: Test run is starting.
TpTrace Verbose: 0 : 1948, 1, 2022/06/19, 00:55:07.647, 18594469636, vstest.console.dll, RunTestsArgumentProcessor:Execute: Queuing Test run.
TpTrace Information: 0 : 1948, 1, 2022/06/19, 00:55:07.647, 18594472234, vstest.console.dll, TestRequestManager.RunTests: run tests started.
TpTrace Information: 0 : 1948, 1, 2022/06/19, 00:55:07.650, 18594500128, vstest.console.dll, AssemblyMetadataProvider.GetFrameWork: Determined framework:'.NETCoreApp,Version=v5.0' for source: 'C:\Users\Decagon\source\repos\Portfolio_DM\MyPortfolioest\bin\Debug\net5.0\fine-code-coverage\build-output\MyPortfolioTest.dll'
TpTrace Information: 0 : 1948, 1, 2022/06/19, 00:55:07.650, 18594501892, vstest.console.dll, Determined framework for all sources: .NETCoreApp,Version=v5.0
TpTrace Verbose: 0 : 1948, 1, 2022/06/19, 00:55:07.650, 18594505848, vstest.console.dll, TestRequestManager.UpdateRunSettingsIfRequired: Default architecture: X64 IsDefaultTargetArchitecture: True, Current process architecture: X64 OperatingSystem: Windows.
TpTrace Information: 0 : 1948, 1, 2022/06/19, 00:55:07.651, 18594508535, vstest.console.dll, AssemblyMetadataProvider.GetArchitecture: Determined architecture:AnyCPU info for assembly: C:\Users\Decagon\source\repos\Portfolio_DM\MyPortfolioest\bin\Debug\net5.0\fine-code-coverage\build-output\MyPortfolioTest.dll
TpTrace Information: 0 : 1948, 1, 2022/06/19, 00:55:07.651, 18594508985, vstest.console.dll, Determined platform for source 'C:\Users\Decagon\source\repos\Portfolio_DM\MyPortfolioest\bin\Debug\net5.0\fine-code-coverage\build-output\MyPortfolioTest.dll' is 'AnyCPU'
TpTrace Information: 0 : 1948, 1, 2022/06/19, 00:55:07.653, 18594528664, vstest.console.dll, Determined platform for all sources: X64
TpTrace Information: 0 : 1948, 1, 2022/06/19, 00:55:07.653, 18594529461, vstest.console.dll, Infered platform 'X64'.
TpTrace Information: 0 : 1948, 1, 2022/06/19, 00:55:07.653, 18594529730, vstest.console.dll, Platform update to 'X64' required.
TpTrace Information: 0 : 1948, 1, 2022/06/19, 00:55:07.656, 18594563663, vstest.console.dll, Compatible sources list: 
TpTrace Information: 0 : 1948, 1, 2022/06/19, 00:55:07.656, 18594564718, vstest.console.dll, C:\Users\Decagon\source\repos\Portfolio_DM\MyPortfolioest\bin\Debug\net5.0\fine-code-coverage\build-output\MyPortfolioTest.dll
TpTrace Information: 0 : 1948, 1, 2022/06/19, 00:55:07.659, 18594591209, vstest.console.dll, InferRunSettingsHelper.IsTestSettingsEnabled: Unable to navigate to RunSettings/MSTest. Current node: RunSettings
TpTrace Information: 0 : 1948, 1, 2022/06/19, 00:55:07.660, 18594601277, vstest.console.dll, AssemblyResolver.OnResolve: Microsoft.VisualStudio.TestPlatform.Fakes: Resolving assembly.
TpTrace Information: 0 : 1948, 1, 2022/06/19, 00:55:07.660, 18594602088, vstest.console.dll, AssemblyResolver.OnResolve: Microsoft.VisualStudio.TestPlatform.Fakes: Searching in: 'C:\Program Files\dotnet\sdk\6.0.300\Extensions'.
TpTrace Information: 0 : 1948, 1, 2022/06/19, 00:55:07.660, 18594602976, vstest.console.dll, AssemblyResolver.OnResolve: Microsoft.VisualStudio.TestPlatform.Fakes: Assembly path does not exist: 'C:\Program Files\dotnet\sdk\6.0.300\Extensions\Microsoft.VisualStudio.TestPlatform.Fakes.dll', returning.
TpTrace Information: 0 : 1948, 1, 2022/06/19, 00:55:07.660, 18594603497, vstest.console.dll, AssemblyResolver.OnResolve: Microsoft.VisualStudio.TestPlatform.Fakes: Assembly path does not exist: 'C:\Program Files\dotnet\sdk\6.0.300\Extensions\Microsoft.VisualStudio.TestPlatform.Fakes.exe', returning.
TpTrace Information: 0 : 1948, 1, 2022/06/19, 00:55:07.660, 18594603951, vstest.console.dll, AssemblyResolver.OnResolve: Microsoft.VisualStudio.TestPlatform.Fakes: Searching in: 'C:\Program Files\dotnet\sdk\6.0.300'.
TpTrace Information: 0 : 1948, 1, 2022/06/19, 00:55:07.660, 18594604402, vstest.console.dll, AssemblyResolver.OnResolve: Microsoft.VisualStudio.TestPlatform.Fakes: Assembly path does not exist: 'C:\Program Files\dotnet\sdk\6.0.300\Microsoft.VisualStudio.TestPlatform.Fakes.dll', returning.
TpTrace Information: 0 : 1948, 1, 2022/06/19, 00:55:07.660, 18594604876, vstest.console.dll, AssemblyResolver.OnResolve: Microsoft.VisualStudio.TestPlatform.Fakes: Assembly path does not exist: 'C:\Program Files\dotnet\sdk\6.0.300\Microsoft.VisualStudio.TestPlatform.Fakes.exe', returning.
TpTrace Information: 0 : 1948, 1, 2022/06/19, 00:55:07.660, 18594605116, vstest.console.dll, AssemblyResolver.OnResolve: Microsoft.VisualStudio.TestPlatform.Fakes: Failed to load assembly.
TpTrace Information: 0 : 1948, 1, 2022/06/19, 00:55:07.661, 18594609171, vstest.console.dll, Failed to load assembly Microsoft.VisualStudio.TestPlatform.Fakes, Version=17.0.0.0, Culture=neutral. Reason:System.IO.FileNotFoundException: Could not load file or assembly 'Microsoft.VisualStudio.TestPlatform.Fakes, Version=17.0.0.0, Culture=neutral, PublicKeyToken=null'. The system cannot find the file specified.
File name: 'Microsoft.VisualStudio.TestPlatform.Fakes, Version=17.0.0.0, Culture=neutral, PublicKeyToken=null'
   at System.Reflection.RuntimeAssembly.InternalLoad(ObjectHandleOnStack assemblyName, ObjectHandleOnStack requestingAssembly, StackCrawlMarkHandle stackMark, Boolean throwOnFileNotFound, ObjectHandleOnStack assemblyLoadContext, ObjectHandleOnStack retAssembly)
   at System.Reflection.RuntimeAssembly.InternalLoad(AssemblyName assemblyName, RuntimeAssembly requestingAssembly, StackCrawlMark& stackMark, Boolean throwOnFileNotFound, AssemblyLoadContext assemblyLoadContext)
   at System.Reflection.Assembly.Load(AssemblyName assemblyRef)
   at Microsoft.VisualStudio.TestPlatform.Common.Utilities.FakesUtilities.LoadTestPlatformAssembly()
TpTrace Verbose: 0 : 1948, 1, 2022/06/19, 00:55:07.665, 18594650578, vstest.console.dll, TestPluginCache.DiscoverTestExtensions: finding test extensions in assemblies ends with: TestLogger.dll TPluginInfo: Microsoft.VisualStudio.TestPlatform.Common.ExtensionFramework.Utilities.TestLoggerPluginInformation TExtension: Microsoft.VisualStudio.TestPlatform.ObjectModel.Client.ITestLogger
TpTrace Verbose: 0 : 1948, 1, 2022/06/19, 00:55:07.665, 18594651644, vstest.console.dll, TestPluginCache.GetExtensionPaths: Filtered extension paths: 
TpTrace Verbose: 0 : 1948, 1, 2022/06/19, 00:55:07.665, 18594652044, vstest.console.dll, TestPluginCache.GetExtensionPaths: Added default extension paths: C:\Program Files\dotnet\sdk\6.0.300\Extensions\DumpMinitool.exe
C:\Program Files\dotnet\sdk\6.0.300\Extensions\DumpMinitool.x86.exe
C:\Program Files\dotnet\sdk\6.0.300\Extensions\Microsoft.Diagnostics.NETCore.Client.dll
C:\Program Files\dotnet\sdk\6.0.300\Extensions\Microsoft.TestPlatform.Extensions.BlameDataCollector.dll
C:\Program Files\dotnet\sdk\6.0.300\Extensions\Microsoft.TestPlatform.Extensions.EventLogCollector.dll
C:\Program Files\dotnet\sdk\6.0.300\Extensions\Microsoft.TestPlatform.TestHostRuntimeProvider.dll
C:\Program Files\dotnet\sdk\6.0.300\Extensions\Microsoft.VisualStudio.TestPlatform.Extensions.Html.TestLogger.dll
C:\Program Files\dotnet\sdk\6.0.300\Extensions\Microsoft.VisualStudio.TestPlatform.Extensions.Trx.TestLogger.dll
TpTrace Verbose: 0 : 1948, 1, 2022/06/19, 00:55:07.665, 18594652913, vstest.console.dll, TestPluginCache.GetExtensionPaths: Added unfilterableExtensionPaths: 
TpTrace Information: 0 : 1948, 1, 2022/06/19, 00:55:07.665, 18594654293, vstest.console.dll, AssemblyResolver.AddSearchDirectories: Adding more searchDirectories C:\Program Files\dotnet\sdk\6.0.300\Extensions,C:\Program Files\dotnet\sdk\6.0.300
TpTrace Verbose: 0 : 1948, 1, 2022/06/19, 00:55:07.665, 18594654817, vstest.console.dll, TestPluginCache.DiscoverTestExtensions: Discovering the extensions using extension path.
TpTrace Verbose: 0 : 1948, 1, 2022/06/19, 00:55:07.665, 18594655309, vstest.console.dll, TestPluginCache.GetExtensionPaths: Filtered extension paths: 
TpTrace Verbose: 0 : 1948, 1, 2022/06/19, 00:55:07.665, 18594655860, vstest.console.dll, TestPluginCache.GetExtensionPaths: Added default extension paths: C:\Program Files\dotnet\sdk\6.0.300\Extensions\DumpMinitool.exe
C:\Program Files\dotnet\sdk\6.0.300\Extensions\DumpMinitool.x86.exe
C:\Program Files\dotnet\sdk\6.0.300\Extensions\Microsoft.Diagnostics.NETCore.Client.dll
C:\Program Files\dotnet\sdk\6.0.300\Extensions\Microsoft.TestPlatform.Extensions.BlameDataCollector.dll
C:\Program Files\dotnet\sdk\6.0.300\Extensions\Microsoft.TestPlatform.Extensions.EventLogCollector.dll
C:\Program Files\dotnet\sdk\6.0.300\Extensions\Microsoft.TestPlatform.TestHostRuntimeProvider.dll
C:\Program Files\dotnet\sdk\6.0.300\Extensions\Microsoft.VisualStudio.TestPlatform.Extensions.Html.TestLogger.dll
C:\Program Files\dotnet\sdk\6.0.300\Extensions\Microsoft.VisualStudio.TestPlatform.Extensions.Trx.TestLogger.dll
TpTrace Verbose: 0 : 1948, 1, 2022/06/19, 00:55:07.665, 18594656228, vstest.console.dll, TestPluginCache.GetExtensionPaths: Added unfilterableExtensionPaths: 
TpTrace Verbose: 0 : 1948, 1, 2022/06/19, 00:55:07.665, 18594656542, vstest.console.dll, TestPluginCache.DiscoverTestExtensions: Discovering the extensions using allExtensionPaths: C:\Program Files\dotnet\sdk\6.0.300\Extensions\DumpMinitool.exe
C:\Program Files\dotnet\sdk\6.0.300\Extensions\DumpMinitool.x86.exe
C:\Program Files\dotnet\sdk\6.0.300\Extensions\Microsoft.Diagnostics.NETCore.Client.dll
C:\Program Files\dotnet\sdk\6.0.300\Extensions\Microsoft.TestPlatform.Extensions.BlameDataCollector.dll
C:\Program Files\dotnet\sdk\6.0.300\Extensions\Microsoft.TestPlatform.Extensions.EventLogCollector.dll
C:\Program Files\dotnet\sdk\6.0.300\Extensions\Microsoft.TestPlatform.TestHostRuntimeProvider.dll
C:\Program Files\dotnet\sdk\6.0.300\Extensions\Microsoft.VisualStudio.TestPlatform.Extensions.Html.TestLogger.dll
C:\Program Files\dotnet\sdk\6.0.300\Extensions\Microsoft.VisualStudio.TestPlatform.Extensions.Trx.TestLogger.dll
TpTrace Information: 0 : 1948, 1, 2022/06/19, 00:55:07.665, 18594657082, vstest.console.dll, AssemblyResolver.AddSearchDirectories: Adding more searchDirectories C:\Program Files\dotnet\sdk\6.0.300\Extensions,C:\Program Files\dotnet\sdk\6.0.300
TpTrace Information: 0 : 1948, 1, 2022/06/19, 00:55:07.665, 18594657530, vstest.console.dll, AssemblyResolver.AddSearchDirectories: Adding more searchDirectories C:\Program Files\dotnet\sdk\6.0.300\Extensions,C:\Program Files\dotnet\sdk\6.0.300
TpTrace Information: 0 : 1948, 1, 2022/06/19, 00:55:07.665, 18594657889, vstest.console.dll, AssemblyResolver.AddSearchDirectories: Adding more searchDirectories C:\Program Files\dotnet\sdk\6.0.300\Extensions,C:\Program Files\dotnet\sdk\6.0.300
TpTrace Information: 0 : 1948, 1, 2022/06/19, 00:55:07.666, 18594658284, vstest.console.dll, AssemblyResolver.AddSearchDirectories: Adding more searchDirectories C:\Program Files\dotnet\sdk\6.0.300\Extensions,C:\Program Files\dotnet\sdk\6.0.300
TpTrace Information: 0 : 1948, 1, 2022/06/19, 00:55:07.666, 18594658635, vstest.console.dll, AssemblyResolver.AddSearchDirectories: Adding more searchDirectories C:\Program Files\dotnet\sdk\6.0.300\Extensions,C:\Program Files\dotnet\sdk\6.0.300
TpTrace Information: 0 : 1948, 1, 2022/06/19, 00:55:07.666, 18594659212, vstest.console.dll, AssemblyResolver.AddSearchDirectories: Adding more searchDirectories C:\Program Files\dotnet\sdk\6.0.300\Extensions,C:\Program Files\dotnet\sdk\6.0.300
TpTrace Information: 0 : 1948, 1, 2022/06/19, 00:55:07.666, 18594659639, vstest.console.dll, AssemblyResolver.AddSearchDirectories: Adding more searchDirectories C:\Program Files\dotnet\sdk\6.0.300\Extensions,C:\Program Files\dotnet\sdk\6.0.300
TpTrace Information: 0 : 1948, 1, 2022/06/19, 00:55:07.666, 18594660011, vstest.console.dll, AssemblyResolver.AddSearchDirectories: Adding more searchDirectories C:\Program Files\dotnet\sdk\6.0.300\Extensions,C:\Program Files\dotnet\sdk\6.0.300
TpTrace Verbose: 0 : 1948, 1, 2022/06/19, 00:55:07.666, 18594661517, vstest.console.dll, MetadataReaderExtensionsHelper: Discovering extensions inside assembly 'DumpMinitool, Version=15.0.0.0, Culture=neutral, PublicKeyToken=b03f5f7f11d50a3a' file path 'C:\Program Files\dotnet\sdk\6.0.300\Extensions\DumpMinitool.exe'
TpTrace Verbose: 0 : 1948, 1, 2022/06/19, 00:55:07.667, 18594670186, vstest.console.dll, MetadataReaderExtensionsHelper: Discovering extensions inside assembly 'DumpMinitool.x86, Version=15.0.0.0, Culture=neutral, PublicKeyToken=b03f5f7f11d50a3a' file path 'C:\Program Files\dotnet\sdk\6.0.300\Extensions\DumpMinitool.x86.exe'
TpTrace Verbose: 0 : 1948, 1, 2022/06/19, 00:55:07.667, 18594676393, vstest.console.dll, MetadataReaderExtensionsHelper: Discovering extensions inside assembly 'Microsoft.Diagnostics.NETCore.Client, Version=0.2.5.801, Culture=neutral, PublicKeyToken=31bf3856ad364e35' file path 'C:\Program Files\dotnet\sdk\6.0.300\Extensions\Microsoft.Diagnostics.NETCore.Client.dll'
TpTrace Information: 0 : 1948, 1, 2022/06/19, 00:55:07.668, 18594681380, vstest.console.dll, AssemblyResolver.OnResolve: Microsoft.Bcl.AsyncInterfaces: Resolving assembly.
TpTrace Information: 0 : 1948, 1, 2022/06/19, 00:55:07.668, 18594681816, vstest.console.dll, AssemblyResolver.OnResolve: Microsoft.Bcl.AsyncInterfaces: Resolved from cache.
TpTrace Verbose: 0 : 1948, 1, 2022/06/19, 00:55:07.668, 18594682114, vstest.console.dll, CurrentDomainAssemblyResolve: Resolving assembly 'Microsoft.Bcl.AsyncInterfaces'.
TpTrace Information: 0 : 1948, 1, 2022/06/19, 00:55:07.668, 18594682735, vstest.console.dll, AssemblyResolver.OnResolve: Microsoft.Bcl.AsyncInterfaces: Resolving assembly.
TpTrace Information: 0 : 1948, 1, 2022/06/19, 00:55:07.668, 18594682932, vstest.console.dll, AssemblyResolver.OnResolve: Microsoft.Bcl.AsyncInterfaces: Resolved from cache.
TpTrace Verbose: 0 : 1948, 1, 2022/06/19, 00:55:07.668, 18594683128, vstest.console.dll, CurrentDomainAssemblyResolve: Resolving assembly 'Microsoft.Bcl.AsyncInterfaces'.
TpTrace Verbose: 0 : 1948, 1, 2022/06/19, 00:55:07.668, 18594683296, vstest.console.dll, CurrentDomainAssemblyResolve: Failed to resolve assembly 'Microsoft.Bcl.AsyncInterfaces'.
TpTrace Verbose: 0 : 1948, 1, 2022/06/19, 00:55:07.668, 18594684649, vstest.console.dll, CurrentDomainAssemblyResolve: Failed to resolve assembly 'Microsoft.Bcl.AsyncInterfaces'.
TpTrace Warning: 0 : 1948, 1, 2022/06/19, 00:55:07.668, 18594687712, vstest.console.dll, TestPluginDiscoverer: Failed to get types from assembly 'Microsoft.Diagnostics.NETCore.Client, Version=0.2.5.801, Culture=neutral, PublicKeyToken=31bf3856ad364e35'. Error: System.Reflection.ReflectionTypeLoadException: Unable to load one or more of the requested types.
Could not load file or assembly 'Microsoft.Bcl.AsyncInterfaces, Version=1.0.0.0, Culture=neutral, PublicKeyToken=cc7b13ffcd2ddd51'. The system cannot find the file specified.
   at System.Reflection.RuntimeModule.GetTypes(RuntimeModule module)
   at System.Reflection.Assembly.GetTypes()
   at Microsoft.VisualStudio.TestPlatform.Common.ExtensionFramework.TestPluginDiscoverer.GetTestExtensionsFromAssembly[TPluginInfo,TExtension](Assembly assembly, Dictionary`2 pluginInfos, String filePath)
System.IO.FileNotFoundException: Could not load file or assembly 'Microsoft.Bcl.AsyncInterfaces, Version=1.0.0.0, Culture=neutral, PublicKeyToken=cc7b13ffcd2ddd51'. The system cannot find the file specified.
File name: 'Microsoft.Bcl.AsyncInterfaces, Version=1.0.0.0, Culture=neutral, PublicKeyToken=cc7b13ffcd2ddd51'
 ---> System.IO.FileNotFoundException: Could not load file or assembly 'Microsoft.Bcl.AsyncInterfaces, Culture=neutral, PublicKeyToken=null'. The system cannot find the file specified.
File name: 'Microsoft.Bcl.AsyncInterfaces, Culture=neutral, PublicKeyToken=null'
   at System.Reflection.RuntimeAssembly.InternalLoad(ObjectHandleOnStack assemblyName, ObjectHandleOnStack requestingAssembly, StackCrawlMarkHandle stackMark, Boolean throwOnFileNotFound, ObjectHandleOnStack assemblyLoadContext, ObjectHandleOnStack retAssembly)
   at System.Reflection.RuntimeAssembly.InternalLoad(AssemblyName assemblyName, RuntimeAssembly requestingAssembly, StackCrawlMark& stackMark, Boolean throwOnFileNotFound, AssemblyLoadContext assemblyLoadContext)
   at System.Reflection.Assembly.Load(AssemblyName assemblyRef)
   at Microsoft.VisualStudio.TestPlatform.Common.ExtensionFramework.TestPluginCache.CurrentDomainAssemblyResolve(Object sender, AssemblyResolveEventArgs args)
   at Microsoft.VisualStudio.TestPlatform.PlatformAbstractions.PlatformAssemblyResolver.AssemblyResolverEvent(Object sender, Object eventArgs)
   at System.Runtime.Loader.AssemblyLoadContext.GetFirstResolvedAssemblyFromResolvingEvent(AssemblyName assemblyName)
   at System.Runtime.Loader.AssemblyLoadContext.ResolveUsingEvent(AssemblyName assemblyName)
   at System.Runtime.Loader.AssemblyLoadContext.ResolveUsingResolvingEvent(IntPtr gchManagedAssemblyLoadContext, AssemblyName assemblyName)
TpTrace Warning: 0 : 1948, 1, 2022/06/19, 00:55:07.669, 18594689273, vstest.console.dll, LoaderExceptions: System.IO.FileNotFoundException: Could not load file or assembly 'Microsoft.Bcl.AsyncInterfaces, Version=1.0.0.0, Culture=neutral, PublicKeyToken=cc7b13ffcd2ddd51'. The system cannot find the file specified.
File name: 'Microsoft.Bcl.AsyncInterfaces, Version=1.0.0.0, Culture=neutral, PublicKeyToken=cc7b13ffcd2ddd51'
 ---> System.IO.FileNotFoundException: Could not load file or assembly 'Microsoft.Bcl.AsyncInterfaces, Culture=neutral, PublicKeyToken=null'. The system cannot find the file specified.
File name: 'Microsoft.Bcl.AsyncInterfaces, Culture=neutral, PublicKeyToken=null'
   at System.Reflection.RuntimeAssembly.InternalLoad(ObjectHandleOnStack assemblyName, ObjectHandleOnStack requestingAssembly, StackCrawlMarkHandle stackMark, Boolean throwOnFileNotFound, ObjectHandleOnStack assemblyLoadContext, ObjectHandleOnStack retAssembly)
   at System.Reflection.RuntimeAssembly.InternalLoad(AssemblyName assemblyName, RuntimeAssembly requestingAssembly, StackCrawlMark& stackMark, Boolean throwOnFileNotFound, AssemblyLoadContext assemblyLoadContext)
   at System.Reflection.Assembly.Load(AssemblyName assemblyRef)
   at Microsoft.VisualStudio.TestPlatform.Common.ExtensionFramework.TestPluginCache.CurrentDomainAssemblyResolve(Object sender, AssemblyResolveEventArgs args)
   at Microsoft.VisualStudio.TestPlatform.PlatformAbstractions.PlatformAssemblyResolver.AssemblyResolverEvent(Object sender, Object eventArgs)
   at System.Runtime.Loader.AssemblyLoadContext.GetFirstResolvedAssemblyFromResolvingEvent(AssemblyName assemblyName)
   at System.Runtime.Loader.AssemblyLoadContext.ResolveUsingEvent(AssemblyName assemblyName)
   at System.Runtime.Loader.AssemblyLoadContext.ResolveUsingResolvingEvent(IntPtr gchManagedAssemblyLoadContext, AssemblyName assemblyName)
TpTrace Verbose: 0 : 1948, 1, 2022/06/19, 00:55:07.669, 18594689959, vstest.console.dll, MetadataReaderExtensionsHelper: Discovering extensions inside assembly 'Microsoft.TestPlatform.Extensions.BlameDataCollector, Version=15.0.0.0, Culture=neutral, PublicKeyToken=b03f5f7f11d50a3a' file path 'C:\Program Files\dotnet\sdk\6.0.300\Extensions\Microsoft.TestPlatform.Extensions.BlameDataCollector.dll'
TpTrace Information: 0 : 1948, 1, 2022/06/19, 00:55:07.669, 18594697381, vstest.console.dll, GetTestExtensionFromType: Register extension with identifier data 'logger://Microsoft/TestPlatform/Extensions/Blame/v1' and type 'Microsoft.TestPlatform.Extensions.BlameDataCollector.BlameLogger, Microsoft.TestPlatform.Extensions.BlameDataCollector, Version=15.0.0.0, Culture=neutral, PublicKeyToken=b03f5f7f11d50a3a' inside file 'C:\Program Files\dotnet\sdk\6.0.300\Extensions\Microsoft.TestPlatform.Extensions.BlameDataCollector.dll'
TpTrace Verbose: 0 : 1948, 1, 2022/06/19, 00:55:07.670, 18594698642, vstest.console.dll, MetadataReaderExtensionsHelper: Discovering extensions inside assembly 'Microsoft.TestPlatform.Extensions.EventLogCollector, Version=15.0.0.0, Culture=neutral, PublicKeyToken=b03f5f7f11d50a3a' file path 'C:\Program Files\dotnet\sdk\6.0.300\Extensions\Microsoft.TestPlatform.Extensions.EventLogCollector.dll'
TpTrace Verbose: 0 : 1948, 1, 2022/06/19, 00:55:07.670, 18594707262, vstest.console.dll, MetadataReaderExtensionsHelper: Discovering extensions inside assembly 'Microsoft.TestPlatform.TestHostRuntimeProvider, Version=15.0.0.0, Culture=neutral, PublicKeyToken=b03f5f7f11d50a3a' file path 'C:\Program Files\dotnet\sdk\6.0.300\Extensions\Microsoft.TestPlatform.TestHostRuntimeProvider.dll'
TpTrace Verbose: 0 : 1948, 1, 2022/06/19, 00:55:07.671, 18594711687, vstest.console.dll, MetadataReaderExtensionsHelper: Discovering extensions inside assembly 'Microsoft.VisualStudio.TestPlatform.Extensions.Html.TestLogger, Version=15.0.0.0, Culture=neutral, PublicKeyToken=b03f5f7f11d50a3a' file path 'C:\Program Files\dotnet\sdk\6.0.300\Extensions\Microsoft.VisualStudio.TestPlatform.Extensions.Html.TestLogger.dll'
TpTrace Information: 0 : 1948, 1, 2022/06/19, 00:55:07.671, 18594716629, vstest.console.dll, GetTestExtensionFromType: Register extension with identifier data 'logger://Microsoft/TestPlatform/HtmlLogger/v1' and type 'Microsoft.VisualStudio.TestPlatform.Extensions.HtmlLogger.HtmlLogger, Microsoft.VisualStudio.TestPlatform.Extensions.Html.TestLogger, Version=15.0.0.0, Culture=neutral, PublicKeyToken=b03f5f7f11d50a3a' inside file 'C:\Program Files\dotnet\sdk\6.0.300\Extensions\Microsoft.VisualStudio.TestPlatform.Extensions.Html.TestLogger.dll'
TpTrace Verbose: 0 : 1948, 1, 2022/06/19, 00:55:07.672, 18594719300, vstest.console.dll, MetadataReaderExtensionsHelper: Discovering extensions inside assembly 'Microsoft.VisualStudio.TestPlatform.Extensions.Trx.TestLogger, Version=15.0.0.0, Culture=neutral, PublicKeyToken=b03f5f7f11d50a3a' file path 'C:\Program Files\dotnet\sdk\6.0.300\Extensions\Microsoft.VisualStudio.TestPlatform.Extensions.Trx.TestLogger.dll'
TpTrace Information: 0 : 1948, 1, 2022/06/19, 00:55:07.673, 18594728436, vstest.console.dll, GetTestExtensionFromType: Register extension with identifier data 'logger://Microsoft/TestPlatform/TrxLogger/v1' and type 'Microsoft.VisualStudio.TestPlatform.Extensions.TrxLogger.TrxLogger, Microsoft.VisualStudio.TestPlatform.Extensions.Trx.TestLogger, Version=15.0.0.0, Culture=neutral, PublicKeyToken=b03f5f7f11d50a3a' inside file 'C:\Program Files\dotnet\sdk\6.0.300\Extensions\Microsoft.VisualStudio.TestPlatform.Extensions.Trx.TestLogger.dll'
TpTrace Verbose: 0 : 1948, 1, 2022/06/19, 00:55:07.673, 18594731300, vstest.console.dll, TestPluginCache: Discovered the extensions using extension path ''.
TpTrace Verbose: 0 : 1948, 1, 2022/06/19, 00:55:07.673, 18594734201, vstest.console.dll, TestPluginCache: Discoverers are ''.
TpTrace Verbose: 0 : 1948, 1, 2022/06/19, 00:55:07.673, 18594734634, vstest.console.dll, TestPluginCache: Executors are ''.
TpTrace Verbose: 0 : 1948, 1, 2022/06/19, 00:55:07.673, 18594734862, vstest.console.dll, TestPluginCache: Executors2 are ''.
TpTrace Verbose: 0 : 1948, 1, 2022/06/19, 00:55:07.673, 18594735022, vstest.console.dll, TestPluginCache: Setting providers are ''.
TpTrace Verbose: 0 : 1948, 1, 2022/06/19, 00:55:07.673, 18594735899, vstest.console.dll, TestPluginCache: Loggers are 'logger://Microsoft/TestPlatform/Extensions/Blame/v1,logger://Microsoft/TestPlatform/HtmlLogger/v1,logger://Microsoft/TestPlatform/TrxLogger/v1'.
TpTrace Verbose: 0 : 1948, 1, 2022/06/19, 00:55:07.673, 18594736223, vstest.console.dll, TestPluginCache: TestHosts are 'HostProvider://DefaultTestHost,HostProvider://DotnetTestHost'.
TpTrace Verbose: 0 : 1948, 1, 2022/06/19, 00:55:07.673, 18594736407, vstest.console.dll, TestPluginCache: DataCollectors are ''.
TpTrace Information: 0 : 1948, 1, 2022/06/19, 00:55:07.675, 18594751247, vstest.console.dll, TestPluginManager.CreateTestExtension: Attempting to load test extension: Microsoft.TestPlatform.Extensions.BlameDataCollector.BlameLogger
TpTrace Information: 0 : 1948, 1, 2022/06/19, 00:55:07.679, 18594793670, vstest.console.dll, TestPluginManager.CreateTestExtension: Attempting to load test extension: Microsoft.VisualStudio.TestPlatform.CrossPlatEngine.Hosting.DefaultTestHostManager
TpTrace Information: 0 : 1948, 1, 2022/06/19, 00:55:07.681, 18594812919, vstest.console.dll, TestPluginManager.CreateTestExtension: Attempting to load test extension: Microsoft.VisualStudio.TestPlatform.CrossPlatEngine.Hosting.DotnetTestHostManager
TpTrace Verbose: 0 : 1948, 1, 2022/06/19, 00:55:07.682, 18594819003, vstest.console.dll, TestEngine: Initializing Parallel Execution as MaxCpuCount is set to: 1
TpTrace Information: 0 : 1948, 1, 2022/06/19, 00:55:07.682, 18594823807, vstest.console.dll, InferRunSettingsHelper.IsTestSettingsEnabled: Unable to navigate to RunSettings/MSTest. Current node: RunSettings
TpTrace Verbose: 0 : 1948, 1, 2022/06/19, 00:55:07.683, 18594831671, vstest.console.dll, TestRequestSender is acting as server.
TpTrace Verbose: 0 : 1948, 1, 2022/06/19, 00:55:07.684, 18594839921, vstest.console.dll, TestEngine.GetExecutionManager: Chosen execution manager 'Microsoft.VisualStudio.TestPlatform.CrossPlatEngine.Client.Parallel.ParallelProxyExecutionManager, Microsoft.TestPlatform.CrossPlatEngine, Version=15.0.0.0, Culture=neutral, PublicKeyToken=b03f5f7f11d50a3a' ParallelLevel '1' Shared host 'False'
TpTrace Verbose: 0 : 1948, 5, 2022/06/19, 00:55:07.687, 18594877153, vstest.console.dll, DataCollectionRequestSender.InitializeCommunication : Initialize communication. 
TpTrace Information: 0 : 1948, 5, 2022/06/19, 00:55:07.694, 18594942217, vstest.console.dll, Listening on Endpoint : 127.0.0.1:1736
TpTrace Verbose: 0 : 1948, 5, 2022/06/19, 00:55:07.704, 18595039447, vstest.console.dll, DotnetDataCollectionLauncher: Full path of dotnet.exe is C:\Program Files\dotnet\dotnet.exe
TpTrace Verbose: 0 : 1948, 5, 2022/06/19, 00:55:07.704, 18595041392, vstest.console.dll, DotnetDataCollectionLauncher: Adding  --runtimeconfig "C:\Program Files\dotnet\sdk\6.0.300\datacollector.runtimeconfig.json" in args
TpTrace Verbose: 0 : 1948, 5, 2022/06/19, 00:55:07.704, 18595042008, vstest.console.dll, DotnetDataCollectionLauncher: Adding  --depsfile "C:\Program Files\dotnet\sdk\6.0.300\datacollector.deps.json" in args
TpTrace Information: 0 : 1948, 5, 2022/06/19, 00:55:07.713, 18595136649, vstest.console.dll, ProxyDataCollectionManager.Initialize: Launched datacollector processId: 3048 port: 1736
TpTrace Information: 0 : 1948, 5, 2022/06/19, 00:55:07.714, 18595138543, vstest.console.dll, ProxyDataCollectionManager.Initialize: waiting for connection with timeout: 90 seconds
TpTrace Verbose: 0 : 1948, 5, 2022/06/19, 00:55:07.714, 18595139313, vstest.console.dll, DataCollectionRequestSender.WaitForRequestHandlerConnection : Waiting for connection with timeout: 90000
TpTrace Information: 0 : 1948, 8, 2022/06/19, 00:55:07.873, 18596737394, vstest.console.dll, Using the buffer size of 16384 bytes
TpTrace Verbose: 0 : 1948, 5, 2022/06/19, 00:55:07.874, 18596738082, vstest.console.dll, SocketCommunicationManager.WaitForClientConnection took: 159 ms, with 90000 ms timeout, and finished with True.
TpTrace Information: 0 : 1948, 8, 2022/06/19, 00:55:07.874, 18596739381, vstest.console.dll, Accepted Client request and set the flag
TpTrace Verbose: 0 : 1948, 5, 2022/06/19, 00:55:07.874, 18596740110, vstest.console.dll, ProxyDataCollectionManager.InvokeDataCollectionServiceAction: Starting.
TpTrace Information: 0 : 1948, 5, 2022/06/19, 00:55:07.874, 18596741567, vstest.console.dll, ProxyDataCollectionManager.BeforeTestRunStart: Get environment variable and port for datacollector processId: 3048 port: 1736
TpTrace Verbose: 0 : 1948, 5, 2022/06/19, 00:55:07.874, 18596743382, vstest.console.dll, DataCollectionRequestSender.SendBeforeTestRunStartAndGetResult: Send BeforeTestRunStart message with settingsXml <RunSettings><RunConfiguration><ResultsDirectory>C:\Users\Decagon\source\repos\Portfolio_DM\MyPortfolioest\bin\Debug\net5.0\fine-code-coverage\coverage-tool-output</ResultsDirectory><TargetPlatform>X64</TargetPlatform><TargetFrameworkVersion>.NETCoreApp,Version=v5.0</TargetFrameworkVersion><DesignMode>False</DesignMode><CollectSourceInformation>False</CollectSourceInformation><TestAdaptersPaths>C:\Program Files\dotnet\sdk\6.0.300\Extensions</TestAdaptersPaths></RunConfiguration><LoggerRunSettings><Loggers><Logger friendlyName="blame" enabled="True" /><Logger friendlyName="Console" uri="logger://microsoft/TestPlatform/ConsoleLogger/v1" assemblyQualifiedName="Microsoft.VisualStudio.TestPlatform.CommandLine.Internal.ConsoleLogger, vstest.console, Version=15.0.0.0, Culture=neutral, PublicKeyToken=b03f5f7f11d50a3a" codeBase="C:\Program Files\dotnet\sdk\6.0.300\vstest.console.dll" enabled="True" /></Loggers></LoggerRunSettings><DataCollectionRunSettings><DataCollectors><DataCollector friendlyName="blame" enabled="True"><Configuration><ResultsDirectory>C:\Users\Decagon\source\repos\Portfolio_DM\MyPortfolioest\bin\Debug\net5.0\fine-code-coverage\coverage-tool-output</ResultsDirectory></Configuration></DataCollector></DataCollectors></DataCollectionRunSettings></RunSettings> and sources System.Linq.Enumerable+Concat2Iterator`1[System.String]: 
TpTrace Verbose: 0 : 1948, 5, 2022/06/19, 00:55:07.960, 18597606669, vstest.console.dll, DataCollectionRequestSender.SendBeforeTestRunStartAndGetResult: Received message: (DataCollection.SendMessage) -> {
  "FriendlyName": null,
  "Uri": null,
  "TestCaseId": "00000000-0000-0000-0000-000000000000",
  "Message": "Logging DataCollector Diagnostics in file: C:\\Users\\Decagon\\source\\repos\\Portfolio_DM\\MyPortfolioest\\bin\\Debug\\net5.0\\fine-code-coverage\\coverage-tool-output\\diagnostics.datacollector.22-06-19_00-55-07_70386_5.log",
  "Level": 0
}
TpTrace Verbose: 0 : 1948, 5, 2022/06/19, 00:55:08.057, 18598573714, vstest.console.dll, DataCollectionRequestSender.SendBeforeTestRunStartAndGetResult: Received message: (DataCollection.BeforeTestRunStartResult) -> {
  "EnvironmentVariables": {},
  "DataCollectionEventsPort": 1738
}
TpTrace Information: 0 : 1948, 5, 2022/06/19, 00:55:08.064, 18598647297, vstest.console.dll, ProxyDataCollectionManager.BeforeTestRunStart: SendBeforeTestRunStartAndGetResult successful, env variable from datacollector:   and testhost port: 1738
TpTrace Information: 0 : 1948, 5, 2022/06/19, 00:55:08.065, 18598648276, vstest.console.dll, ProxyDataCollectionManager.InvokeDataCollectionServiceAction: Completed.
TpTrace Verbose: 0 : 1948, 1, 2022/06/19, 00:55:08.065, 18598649933, vstest.console.dll, TestRunRequest.ExecuteAsync: Creating test run request.
TpTrace Verbose: 0 : 1948, 1, 2022/06/19, 00:55:08.065, 18598652795, vstest.console.dll, TestRunRequest.ExecuteAsync: Starting.
TpTrace Information: 0 : 1948, 1, 2022/06/19, 00:55:08.065, 18598656694, vstest.console.dll, TestRunRequest.ExecuteAsync: Starting run with settings:TestRunCriteria:
   KeepAlive=False,FrequencyOfRunStatsChangeEvent=10,RunStatsChangeEventTimeout=00:00:01.5000000,TestCaseFilter=,TestExecutorLauncher=
   Settingsxml=<RunSettings>
  <RunConfiguration>
    <ResultsDirectory>C:\Users\Decagon\source\repos\Portfolio_DM\MyPortfolioest\bin\Debug\net5.0\fine-code-coverage\coverage-tool-output</ResultsDirectory>
    <TargetPlatform>X64</TargetPlatform>
    <TargetFrameworkVersion>.NETCoreApp,Version=v5.0</TargetFrameworkVersion>
    <DesignMode>False</DesignMode>
    <CollectSourceInformation>False</CollectSourceInformation>
  </RunConfiguration>
  <LoggerRunSettings>
    <Loggers>
      <Logger friendlyName="blame" enabled="True" />
      <Logger friendlyName="Console" uri="logger://microsoft/TestPlatform/ConsoleLogger/v1" assemblyQualifiedName="Microsoft.VisualStudio.TestPlatform.CommandLine.Internal.ConsoleLogger, vstest.console, Version=15.0.0.0, Culture=neutral, PublicKeyToken=b03f5f7f11d50a3a" codeBase="C:\Program Files\dotnet\sdk\6.0.300\vstest.console.dll" enabled="True" />
    </Loggers>
  </LoggerRunSettings>
  <DataCollectionRunSettings>
    <DataCollectors>
      <DataCollector friendlyName="blame" enabled="True">
        <Configuration>
          <ResultsDirectory>C:\Users\Decagon\source\repos\Portfolio_DM\MyPortfolioest\bin\Debug\net5.0\fine-code-coverage\coverage-tool-output</ResultsDirectory>
        </Configuration>
      </DataCollector>
    </DataCollectors>
  </DataCollectionRunSettings>
</RunSettings>

TpTrace Verbose: 0 : 1948, 1, 2022/06/19, 00:55:08.065, 18598657206, vstest.console.dll, TestRunRequest.ExecuteAsync: Wait for the first run request is over.
TpTrace Verbose: 0 : 1948, 1, 2022/06/19, 00:55:08.066, 18598660300, vstest.console.dll, MulticastDelegateUtilities.SafeInvoke: TestRun.TestRunStart: Invoking callbacks was skipped because there are no subscribers.
TpTrace Verbose: 0 : 1948, 1, 2022/06/19, 00:55:08.066, 18598662389, vstest.console.dll, ParallelProxyExecutionManager: Start execution. Total sources: 1
TpTrace Verbose: 0 : 1948, 4, 2022/06/19, 00:55:08.066, 18598663534, vstest.console.dll, MulticastDelegateUtilities.SafeInvoke: InternalTestLoggerEvents.SendTestRunStart: Invoking callback 1/1 for Microsoft.VisualStudio.TestPlatform.CommandLine.Internal.ConsoleLogger.TestRunStartHandler, took 0 ms.
TpTrace Information: 0 : 1948, 1, 2022/06/19, 00:55:08.067, 18598673150, vstest.console.dll, ProxyParallelExecutionManager: Triggering test run for next source: C:\Users\Decagon\source\repos\Portfolio_DM\MyPortfolioest\bin\Debug\net5.0\fine-code-coverage\build-output\MyPortfolioTest.dll
TpTrace Verbose: 0 : 1948, 5, 2022/06/19, 00:55:08.067, 18598676408, vstest.console.dll, ParallelProxyExecutionManager: Execution started. Started clients: 1
TpTrace Verbose: 0 : 1948, 1, 2022/06/19, 00:55:08.067, 18598677252, vstest.console.dll, ProxyParallelExecutionManager: No sources available for execution.
TpTrace Information: 0 : 1948, 1, 2022/06/19, 00:55:08.067, 18598677994, vstest.console.dll, TestRunRequest.ExecuteAsync: Started.
TpTrace Verbose: 0 : 1948, 1, 2022/06/19, 00:55:08.068, 18598680896, vstest.console.dll, TestRunRequest.WaitForCompletion: Waiting with timeout -1.
TpTrace Verbose: 0 : 1948, 5, 2022/06/19, 00:55:08.068, 18598683209, vstest.console.dll, TestRunRequest:SendTestRunMessage: Starting.
TpTrace Verbose: 0 : 1948, 5, 2022/06/19, 00:55:08.068, 18598684856, vstest.console.dll, MulticastDelegateUtilities.SafeInvoke: TestRun.LogMessages: Invoking callback 1/1 for Microsoft.VisualStudio.TestPlatform.CommandLine.TestRunResultAggregator.TestRunMessageHandler, took 0 ms.
TpTrace Verbose: 0 : 1948, 4, 2022/06/19, 00:55:08.068, 18598684856, vstest.console.dll, MulticastDelegateUtilities.SafeInvoke: InternalTestLoggerEvents.SendTestRunMessage: Invoking callback 1/1 for Microsoft.VisualStudio.TestPlatform.CommandLine.Internal.ConsoleLogger.TestMessageHandler, took 0 ms.
TpTrace Information: 0 : 1948, 5, 2022/06/19, 00:55:08.068, 18598685399, vstest.console.dll, TestRunRequest:SendTestRunMessage: Completed.
TpTrace Verbose: 0 : 1948, 5, 2022/06/19, 00:55:08.069, 18598689575, vstest.console.dll, ProxyExecutionManager: Test host is always Lazy initialize.
TpTrace Verbose: 0 : 1948, 5, 2022/06/19, 00:55:08.069, 18598692960, vstest.console.dll, TestRequestSender.InitializeCommunication: initialize communication. 
TpTrace Information: 0 : 1948, 5, 2022/06/19, 00:55:08.070, 18598699992, vstest.console.dll, SocketServer.Start: Listening on endpoint : 127.0.0.1:1739
TpTrace Verbose: 0 : 1948, 5, 2022/06/19, 00:55:08.071, 18598708332, vstest.console.dll, DotnetTestHostmanager.GetTestHostProcessStartInfo: Platform environment 'X64' target architecture 'X64' framework '.NETCoreApp,Version=v5.0' OS 'Windows'
TpTrace Verbose: 0 : 1948, 5, 2022/06/19, 00:55:08.071, 18598710467, vstest.console.dll, DotnetTestHostmanager: Adding  --runtimeconfig "C:\Users\Decagon\source\repos\Portfolio_DM\MyPortfolioest\bin\Debug\net5.0\fine-code-coverage\build-output\MyPortfolioTest.runtimeconfig.json" in args
TpTrace Verbose: 0 : 1948, 5, 2022/06/19, 00:55:08.071, 18598711604, vstest.console.dll, DotnetTestHostmanager: Adding  --depsfile "C:\Users\Decagon\source\repos\Portfolio_DM\MyPortfolioest\bin\Debug\net5.0\fine-code-coverage\build-output\MyPortfolioTest.deps.json" in args
TpTrace Verbose: 0 : 1948, 5, 2022/06/19, 00:55:08.071, 18598715682, vstest.console.dll, DotnetTestHostmanager.IsWinOnArm: Current PROCESSOR_ARCHITECTURE from environment variable 'AMD64'
TpTrace Verbose: 0 : 1948, 5, 2022/06/19, 00:55:08.071, 18598716461, vstest.console.dll, DotnetTestHostmanager.IsWinOnArm: Is Windows on ARM 'False'
TpTrace Verbose: 0 : 1948, 5, 2022/06/19, 00:55:08.071, 18598717565, vstest.console.dll, DotnetTestHostManager: testhost.exe found at path: C:\Users\Decagon\source\repos\Portfolio_DM\MyPortfolioest\bin\Debug\net5.0\fine-code-coverage\build-output\testhost.exe
TpTrace Verbose: 0 : 1948, 5, 2022/06/19, 00:55:08.072, 18598718134, vstest.console.dll, DotnetTestHostmanager: Full path of host exe is C:\Users\Decagon\source\repos\Portfolio_DM\MyPortfolioest\bin\Debug\net5.0\fine-code-coverage\build-output\testhost.exe
TpTrace Verbose: 0 : 1948, 5, 2022/06/19, 00:55:08.072, 18598720000, vstest.console.dll, DotnetTestHostmanager.LaunchTestHostAsync: Found 'VSTEST_WINAPPHOST_DOTNET_ROOT' in env variables, value 'C:\Program Files\dotnet', forwarding to 'DOTNET_ROOT'
TpTrace Verbose: 0 : 1948, 7, 2022/06/19, 00:55:08.073, 18598735855, vstest.console.dll, DotnetTestHostManager: Starting process 'C:\Users\Decagon\source\repos\Portfolio_DM\MyPortfolioest\bin\Debug\net5.0\fine-code-coverage\build-output\testhost.exe' with command line ' --runtimeconfig "C:\Users\Decagon\source\repos\Portfolio_DM\MyPortfolioest\bin\Debug\net5.0\fine-code-coverage\build-output\MyPortfolioTest.runtimeconfig.json" --depsfile "C:\Users\Decagon\source\repos\Portfolio_DM\MyPortfolioest\bin\Debug\net5.0\fine-code-coverage\build-output\MyPortfolioTest.deps.json" --port 1739 --endpoint 127.0.0.1:01739 --role client --parentprocessid 1948 --diag "C:\Users\Decagon\source\repos\Portfolio_DM\MyPortfolioest\bin\Debug\net5.0\fine-code-coverage\coverage-tool-output\diagnostics.host.22-06-19_00-55-08_07063_5.log" --tracelevel 4 --datacollectionport 1738 --telemetryoptedin false'
TpTrace Verbose: 0 : 1948, 7, 2022/06/19, 00:55:08.087, 18598869079, vstest.console.dll, MulticastDelegateUtilities.SafeInvoke: HostProviderEvents.OnHostLaunched: Invoking callback 1/2 for Microsoft.VisualStudio.TestPlatform.CrossPlatEngine.Client.ProxyExecutionManagerWithDataCollection.TestHostLaunchedHandler, took 1 ms.
TpTrace Verbose: 0 : 1948, 7, 2022/06/19, 00:55:08.087, 18598870623, vstest.console.dll, Test Runtime launched
TpTrace Verbose: 0 : 1948, 7, 2022/06/19, 00:55:08.087, 18598871820, vstest.console.dll, MulticastDelegateUtilities.SafeInvoke: HostProviderEvents.OnHostLaunched: Invoking callback 2/2 for Microsoft.VisualStudio.TestPlatform.CrossPlatEngine.Client.ProxyOperationManager.TestHostManagerHostLaunched, took 0 ms.
TpTrace Verbose: 0 : 1948, 5, 2022/06/19, 00:55:08.088, 18598879921, vstest.console.dll, TestRequestSender.WaitForRequestHandlerConnection: waiting for connection with timeout: 90000.
TpTrace Verbose: 0 : 1948, 7, 2022/06/19, 00:55:08.278, 18600786239, vstest.console.dll, MulticastDelegateUtilities.SafeInvoke: SocketServer: ClientConnected: Invoking callback 1/1 for Microsoft.VisualStudio.TestPlatform.CommunicationUtilities.TestRequestSender.<InitializeCommunication>b__23_0, took 0 ms.
TpTrace Verbose: 0 : 1948, 7, 2022/06/19, 00:55:08.279, 18600788069, vstest.console.dll, SocketServer.OnClientConnected: Client connected for endPoint: 127.0.0.1:1739, starting MessageLoopAsync:
TpTrace Verbose: 0 : 1948, 5, 2022/06/19, 00:55:08.278, 18600786538, vstest.console.dll, TestRequestSender.WaitForRequestHandlerConnection: waiting took 190 ms, with timeout 90000 ms, and result 0, which is success.
TpTrace Verbose: 0 : 1948, 11, 2022/06/19, 00:55:08.279, 18600793173, vstest.console.dll, TcpClientExtensions.MessageLoopAsync: Polling on remoteEndPoint: 127.0.0.1:1741 localEndPoint: 127.0.0.1:1739
TpTrace Verbose: 0 : 1948, 5, 2022/06/19, 00:55:08.280, 18600802710, vstest.console.dll, TestRequestSender.CheckVersionWithTestHost: Sending check version message: {"MessageType":"ProtocolVersion","Payload":6}
TpTrace Verbose: 0 : 1948, 11, 2022/06/19, 00:55:08.448, 18602485861, vstest.console.dll, TcpClientExtensions.MessageLoopAsync: NotifyDataAvailable remoteEndPoint: 127.0.0.1:1741 localEndPoint: 127.0.0.1:1739
TpTrace Verbose: 0 : 1948, 11, 2022/06/19, 00:55:08.449, 18602489919, vstest.console.dll, TestRequestSender.CheckVersionWithTestHost: onMessageReceived received message: (ProtocolVersion) -> 5
TpTrace Verbose: 0 : 1948, 11, 2022/06/19, 00:55:08.449, 18602495907, vstest.console.dll, MulticastDelegateUtilities.SafeInvoke: LengthPrefixCommunicationChannel: MessageReceived: Invoking callback 1/1 for Microsoft.VisualStudio.TestPlatform.CommunicationUtilities.TestRequestSender+<>c__DisplayClass25_0.<CheckVersionWithTestHost>b__0, took 0 ms.
TpTrace Verbose: 0 : 1948, 5, 2022/06/19, 00:55:08.449, 18602496448, vstest.console.dll, TestPluginCache.GetExtensionPaths: Filtered extension paths: 
TpTrace Verbose: 0 : 1948, 11, 2022/06/19, 00:55:08.449, 18602497096, vstest.console.dll, TcpClientExtensions.MessageLoopAsync: Polling on remoteEndPoint: 127.0.0.1:1741 localEndPoint: 127.0.0.1:1739
TpTrace Verbose: 0 : 1948, 5, 2022/06/19, 00:55:08.449, 18602497366, vstest.console.dll, TestPluginCache.GetExtensionPaths: Added default extension paths: C:\Program Files\dotnet\sdk\6.0.300\Extensions\DumpMinitool.exe
C:\Program Files\dotnet\sdk\6.0.300\Extensions\DumpMinitool.x86.exe
C:\Program Files\dotnet\sdk\6.0.300\Extensions\Microsoft.Diagnostics.NETCore.Client.dll
C:\Program Files\dotnet\sdk\6.0.300\Extensions\Microsoft.TestPlatform.Extensions.BlameDataCollector.dll
C:\Program Files\dotnet\sdk\6.0.300\Extensions\Microsoft.TestPlatform.Extensions.EventLogCollector.dll
C:\Program Files\dotnet\sdk\6.0.300\Extensions\Microsoft.TestPlatform.TestHostRuntimeProvider.dll
C:\Program Files\dotnet\sdk\6.0.300\Extensions\Microsoft.VisualStudio.TestPlatform.Extensions.Html.TestLogger.dll
C:\Program Files\dotnet\sdk\6.0.300\Extensions\Microsoft.VisualStudio.TestPlatform.Extensions.Trx.TestLogger.dll
TpTrace Verbose: 0 : 1948, 5, 2022/06/19, 00:55:08.450, 18602498237, vstest.console.dll, TestPluginCache.GetExtensionPaths: Added unfilterableExtensionPaths: 
TpTrace Verbose: 0 : 1948, 5, 2022/06/19, 00:55:08.455, 18602553065, vstest.console.dll, TestRequestSender.InitializeExecution: Sending initialize execution with message: {"Version":5,"MessageType":"TestExecution.Initialize","Payload":["C:\\Users\\Decagon\\source\\repos\\Portfolio_DM\\MyPortfolioest\\bin\\Debug\\net5.0\\fine-code-coverage\\build-output\\xunit.runner.visualstudio.dotnetcore.testadapter.dll"]}
TpTrace Warning: 0 : 1948, 5, 2022/06/19, 00:55:08.455, 18602557831, vstest.console.dll, InferRunSettingsHelper.MakeRunsettingsCompatible: Removing the following settings: TargetPlatform from RunSettings file. To use those settings please move to latest version of Microsoft.NET.Test.Sdk
TpTrace Verbose: 0 : 1948, 11, 2022/06/19, 00:55:08.465, 18602651695, vstest.console.dll, TcpClientExtensions.MessageLoopAsync: NotifyDataAvailable remoteEndPoint: 127.0.0.1:1741 localEndPoint: 127.0.0.1:1739
TpTrace Verbose: 0 : 1948, 11, 2022/06/19, 00:55:08.465, 18602654255, vstest.console.dll, TestRequestSender.OnExecutionMessageReceived: Received message: {"Version":5,"MessageType":"TestSession.Message","Payload":{"MessageLevel":0,"Message":"Logging TestHost Diagnostics in file: C:\\Users\\Decagon\\source\\repos\\Portfolio_DM\\MyPortfolioest\\bin\\Debug\\net5.0\\fine-code-coverage\\coverage-tool-output\\diagnostics.host.22-06-19_00-55-08_07063_5.log"}}
TpTrace Verbose: 0 : 1948, 11, 2022/06/19, 00:55:08.468, 18602687105, vstest.console.dll, TestRunRequest:SendTestRunMessage: Starting.
TpTrace Verbose: 0 : 1948, 11, 2022/06/19, 00:55:08.469, 18602689039, vstest.console.dll, MulticastDelegateUtilities.SafeInvoke: TestRun.LogMessages: Invoking callback 1/1 for Microsoft.VisualStudio.TestPlatform.CommandLine.TestRunResultAggregator.TestRunMessageHandler, took 0 ms.
TpTrace Verbose: 0 : 1948, 4, 2022/06/19, 00:55:08.469, 18602689636, vstest.console.dll, MulticastDelegateUtilities.SafeInvoke: InternalTestLoggerEvents.SendTestRunMessage: Invoking callback 1/1 for Microsoft.VisualStudio.TestPlatform.CommandLine.Internal.ConsoleLogger.TestMessageHandler, took 0 ms.
TpTrace Information: 0 : 1948, 11, 2022/06/19, 00:55:08.469, 18602689780, vstest.console.dll, TestRunRequest:SendTestRunMessage: Completed.
TpTrace Verbose: 0 : 1948, 11, 2022/06/19, 00:55:08.469, 18602691504, vstest.console.dll, MulticastDelegateUtilities.SafeInvoke: LengthPrefixCommunicationChannel: MessageReceived: Invoking callback 1/1 for Microsoft.VisualStudio.TestPlatform.CommunicationUtilities.TestRequestSender+<>c__DisplayClass30_0.<StartTestRun>b__1, took 3 ms.
TpTrace Verbose: 0 : 1948, 11, 2022/06/19, 00:55:08.469, 18602692401, vstest.console.dll, TcpClientExtensions.MessageLoopAsync: Polling on remoteEndPoint: 127.0.0.1:1741 localEndPoint: 127.0.0.1:1739
TpTrace Verbose: 0 : 1948, 5, 2022/06/19, 00:55:08.473, 18602729412, vstest.console.dll, TestRequestSender.StartTestRun: Sending test run with message: {"Version":5,"MessageType":"TestExecution.StartWithSources","Payload":{"AdapterSourceMap":{"_none_":["C:\\Users\\Decagon\\source\\repos\\Portfolio_DM\\MyPortfolioest\\bin\\Debug\\net5.0\\fine-code-coverage\\build-output\\MyPortfolioTest.dll"]},"RunSettings":"<RunSettings>\r\n  <RunConfiguration>\r\n    <ResultsDirectory>C:\\Users\\Decagon\\source\\repos\\Portfolio_DM\\MyPortfolioest\\bin\\Debug\\net5.0\\fine-code-coverage\\coverage-tool-output</ResultsDirectory>\r\n    <TargetFrameworkVersion>.NETCoreApp,Version=v5.0</TargetFrameworkVersion>\r\n    <DesignMode>False</DesignMode>\r\n    <CollectSourceInformation>False</CollectSourceInformation>\r\n  </RunConfiguration>\r\n  <LoggerRunSettings>\r\n    <Loggers>\r\n      <Logger friendlyName=\"blame\" enabled=\"True\" />\r\n      <Logger friendlyName=\"Console\" uri=\"logger://microsoft/TestPlatform/ConsoleLogger/v1\" assemblyQualifiedName=\"Microsoft.VisualStudio.TestPlatform.CommandLine.Internal.ConsoleLogger, vstest.console, Version=15.0.0.0, Culture=neutral, PublicKeyToken=b03f5f7f11d50a3a\" codeBase=\"C:\\Program Files\\dotnet\\sdk\\6.0.300\\vstest.console.dll\" enabled=\"True\" />\r\n    </Loggers>\r\n  </LoggerRunSettings>\r\n  <DataCollectionRunSettings>\r\n    <DataCollectors>\r\n      <DataCollector friendlyName=\"blame\" enabled=\"True\">\r\n        <Configuration>\r\n          <ResultsDirectory>C:\\Users\\Decagon\\source\\repos\\Portfolio_DM\\MyPortfolioest\\bin\\Debug\\net5.0\\fine-code-coverage\\coverage-tool-output</ResultsDirectory>\r\n        </Configuration>\r\n      </DataCollector>\r\n    </DataCollectors>\r\n  </DataCollectionRunSettings>\r\n</RunSettings>","TestExecutionContext":{"FrequencyOfRunStatsChangeEvent":10,"RunStatsChangeEventTimeout":"00:00:01.5000000","InIsolation":false,"KeepAlive":false,"AreTestCaseLevelEventsRequired":false,"IsDebug":false,"TestCaseFilter":null,"FilterOptions":null},"Package":null}}
TpTrace Verbose: 0 : 1948, 11, 2022/06/19, 00:55:08.717, 18605171970, vstest.console.dll, TcpClientExtensions.MessageLoopAsync: NotifyDataAvailable remoteEndPoint: 127.0.0.1:1741 localEndPoint: 127.0.0.1:1739
TpTrace Verbose: 0 : 1948, 11, 2022/06/19, 00:55:08.717, 18605175741, vstest.console.dll, TestRequestSender.OnExecutionMessageReceived: Received message: {"Version":5,"MessageType":"TestSession.Message","Payload":{"MessageLevel":0,"Message":"[xUnit.net 00:00:00.01] xUnit.net VSTest Adapter v2.4.3+1b45f5407b (64-bit .NET 5.0.17)"}}
TpTrace Verbose: 0 : 1948, 11, 2022/06/19, 00:55:08.718, 18605180442, vstest.console.dll, TestRunRequest:SendTestRunMessage: Starting.
TpTrace Verbose: 0 : 1948, 11, 2022/06/19, 00:55:08.718, 18605181410, vstest.console.dll, MulticastDelegateUtilities.SafeInvoke: TestRun.LogMessages: Invoking callback 1/1 for Microsoft.VisualStudio.TestPlatform.CommandLine.TestRunResultAggregator.TestRunMessageHandler, took 0 ms.
TpTrace Information: 0 : 1948, 11, 2022/06/19, 00:55:08.718, 18605181965, vstest.console.dll, TestRunRequest:SendTestRunMessage: Completed.
TpTrace Verbose: 0 : 1948, 4, 2022/06/19, 00:55:08.718, 18605182005, vstest.console.dll, MulticastDelegateUtilities.SafeInvoke: InternalTestLoggerEvents.SendTestRunMessage: Invoking callback 1/1 for Microsoft.VisualStudio.TestPlatform.CommandLine.Internal.ConsoleLogger.TestMessageHandler, took 0 ms.
TpTrace Verbose: 0 : 1948, 11, 2022/06/19, 00:55:08.718, 18605182625, vstest.console.dll, MulticastDelegateUtilities.SafeInvoke: LengthPrefixCommunicationChannel: MessageReceived: Invoking callback 1/1 for Microsoft.VisualStudio.TestPlatform.CommunicationUtilities.TestRequestSender+<>c__DisplayClass30_0.<StartTestRun>b__1, took 0 ms.
TpTrace Verbose: 0 : 1948, 11, 2022/06/19, 00:55:08.718, 18605183740, vstest.console.dll, TcpClientExtensions.MessageLoopAsync: Polling on remoteEndPoint: 127.0.0.1:1741 localEndPoint: 127.0.0.1:1739
TpTrace Verbose: 0 : 1948, 11, 2022/06/19, 00:55:09.468, 18612681705, vstest.console.dll, TcpClientExtensions.MessageLoopAsync: NotifyDataAvailable remoteEndPoint: 127.0.0.1:1741 localEndPoint: 127.0.0.1:1739
TpTrace Verbose: 0 : 1948, 11, 2022/06/19, 00:55:09.468, 18612684518, vstest.console.dll, TestRequestSender.OnExecutionMessageReceived: Received message: {"Version":5,"MessageType":"TestSession.Message","Payload":{"MessageLevel":0,"Message":"[xUnit.net 00:00:00.76]   Discovering: MyPortfolioTest"}}
TpTrace Verbose: 0 : 1948, 11, 2022/06/19, 00:55:09.468, 18612686664, vstest.console.dll, TestRunRequest:SendTestRunMessage: Starting.
TpTrace Verbose: 0 : 1948, 11, 2022/06/19, 00:55:09.468, 18612687271, vstest.console.dll, MulticastDelegateUtilities.SafeInvoke: TestRun.LogMessages: Invoking callback 1/1 for Microsoft.VisualStudio.TestPlatform.CommandLine.TestRunResultAggregator.TestRunMessageHandler, took 0 ms.
TpTrace Verbose: 0 : 1948, 4, 2022/06/19, 00:55:09.468, 18612687665, vstest.console.dll, MulticastDelegateUtilities.SafeInvoke: InternalTestLoggerEvents.SendTestRunMessage: Invoking callback 1/1 for Microsoft.VisualStudio.TestPlatform.CommandLine.Internal.ConsoleLogger.TestMessageHandler, took 0 ms.
TpTrace Information: 0 : 1948, 11, 2022/06/19, 00:55:09.468, 18612687877, vstest.console.dll, TestRunRequest:SendTestRunMessage: Completed.
TpTrace Verbose: 0 : 1948, 11, 2022/06/19, 00:55:09.469, 18612688670, vstest.console.dll, MulticastDelegateUtilities.SafeInvoke: LengthPrefixCommunicationChannel: MessageReceived: Invoking callback 1/1 for Microsoft.VisualStudio.TestPlatform.CommunicationUtilities.TestRequestSender+<>c__DisplayClass30_0.<StartTestRun>b__1, took 0 ms.
TpTrace Verbose: 0 : 1948, 11, 2022/06/19, 00:55:09.469, 18612688994, vstest.console.dll, TcpClientExtensions.MessageLoopAsync: Polling on remoteEndPoint: 127.0.0.1:1741 localEndPoint: 127.0.0.1:1739
TpTrace Verbose: 0 : 1948, 11, 2022/06/19, 00:55:09.522, 18613223246, vstest.console.dll, TcpClientExtensions.MessageLoopAsync: NotifyDataAvailable remoteEndPoint: 127.0.0.1:1741 localEndPoint: 127.0.0.1:1739
TpTrace Verbose: 0 : 1948, 11, 2022/06/19, 00:55:09.522, 18613225327, vstest.console.dll, TestRequestSender.OnExecutionMessageReceived: Received message: {"Version":5,"MessageType":"TestSession.Message","Payload":{"MessageLevel":0,"Message":"[xUnit.net 00:00:00.82]   Discovered:  MyPortfolioTest"}}
TpTrace Verbose: 0 : 1948, 11, 2022/06/19, 00:55:09.522, 18613227242, vstest.console.dll, TestRunRequest:SendTestRunMessage: Starting.
TpTrace Verbose: 0 : 1948, 11, 2022/06/19, 00:55:09.522, 18613227825, vstest.console.dll, MulticastDelegateUtilities.SafeInvoke: TestRun.LogMessages: Invoking callback 1/1 for Microsoft.VisualStudio.TestPlatform.CommandLine.TestRunResultAggregator.TestRunMessageHandler, took 0 ms.
TpTrace Verbose: 0 : 1948, 4, 2022/06/19, 00:55:09.522, 18613228024, vstest.console.dll, MulticastDelegateUtilities.SafeInvoke: InternalTestLoggerEvents.SendTestRunMessage: Invoking callback 1/1 for Microsoft.VisualStudio.TestPlatform.CommandLine.Internal.ConsoleLogger.TestMessageHandler, took 0 ms.
TpTrace Information: 0 : 1948, 11, 2022/06/19, 00:55:09.523, 18613228594, vstest.console.dll, TestRunRequest:SendTestRunMessage: Completed.
TpTrace Verbose: 0 : 1948, 11, 2022/06/19, 00:55:09.523, 18613229202, vstest.console.dll, MulticastDelegateUtilities.SafeInvoke: LengthPrefixCommunicationChannel: MessageReceived: Invoking callback 1/1 for Microsoft.VisualStudio.TestPlatform.CommunicationUtilities.TestRequestSender+<>c__DisplayClass30_0.<StartTestRun>b__1, took 0 ms.
TpTrace Verbose: 0 : 1948, 11, 2022/06/19, 00:55:09.523, 18613229519, vstest.console.dll, TcpClientExtensions.MessageLoopAsync: Polling on remoteEndPoint: 127.0.0.1:1741 localEndPoint: 127.0.0.1:1739
TpTrace Verbose: 0 : 1948, 11, 2022/06/19, 00:55:09.524, 18613246554, vstest.console.dll, TcpClientExtensions.MessageLoopAsync: NotifyDataAvailable remoteEndPoint: 127.0.0.1:1741 localEndPoint: 127.0.0.1:1739
TpTrace Verbose: 0 : 1948, 11, 2022/06/19, 00:55:09.524, 18613247856, vstest.console.dll, TestRequestSender.OnExecutionMessageReceived: Received message: {"Version":5,"MessageType":"TestSession.Message","Payload":{"MessageLevel":0,"Message":"[xUnit.net 00:00:00.82]   Starting:    MyPortfolioTest"}}
TpTrace Verbose: 0 : 1948, 11, 2022/06/19, 00:55:09.525, 18613249956, vstest.console.dll, TestRunRequest:SendTestRunMessage: Starting.
TpTrace Verbose: 0 : 1948, 11, 2022/06/19, 00:55:09.525, 18613250634, vstest.console.dll, MulticastDelegateUtilities.SafeInvoke: TestRun.LogMessages: Invoking callback 1/1 for Microsoft.VisualStudio.TestPlatform.CommandLine.TestRunResultAggregator.TestRunMessageHandler, took 0 ms.
TpTrace Information: 0 : 1948, 11, 2022/06/19, 00:55:09.525, 18613251130, vstest.console.dll, TestRunRequest:SendTestRunMessage: Completed.
TpTrace Verbose: 0 : 1948, 11, 2022/06/19, 00:55:09.525, 18613251593, vstest.console.dll, MulticastDelegateUtilities.SafeInvoke: LengthPrefixCommunicationChannel: MessageReceived: Invoking callback 1/1 for Microsoft.VisualStudio.TestPlatform.CommunicationUtilities.TestRequestSender+<>c__DisplayClass30_0.<StartTestRun>b__1, took 0 ms.
TpTrace Verbose: 0 : 1948, 11, 2022/06/19, 00:55:09.525, 18613252068, vstest.console.dll, TcpClientExtensions.MessageLoopAsync: Polling on remoteEndPoint: 127.0.0.1:1741 localEndPoint: 127.0.0.1:1739
TpTrace Verbose: 0 : 1948, 4, 2022/06/19, 00:55:09.525, 18613252706, vstest.console.dll, MulticastDelegateUtilities.SafeInvoke: InternalTestLoggerEvents.SendTestRunMessage: Invoking callback 1/1 for Microsoft.VisualStudio.TestPlatform.CommandLine.Internal.ConsoleLogger.TestMessageHandler, took 0 ms.
TpTrace Verbose: 0 : 1948, 11, 2022/06/19, 00:55:09.720, 18615203980, vstest.console.dll, TcpClientExtensions.MessageLoopAsync: NotifyDataAvailable remoteEndPoint: 127.0.0.1:1741 localEndPoint: 127.0.0.1:1739
TpTrace Verbose: 0 : 1948, 11, 2022/06/19, 00:55:09.720, 18615205303, vstest.console.dll, TestRequestSender.OnExecutionMessageReceived: Received message: {"Version":5,"MessageType":"TestSession.Message","Payload":{"MessageLevel":0,"Message":"[xUnit.net 00:00:01.02]   Finished:    MyPortfolioTest"}}
TpTrace Verbose: 0 : 1948, 11, 2022/06/19, 00:55:09.720, 18615207290, vstest.console.dll, TestRunRequest:SendTestRunMessage: Starting.
TpTrace Verbose: 0 : 1948, 11, 2022/06/19, 00:55:09.721, 18615208048, vstest.console.dll, MulticastDelegateUtilities.SafeInvoke: TestRun.LogMessages: Invoking callback 1/1 for Microsoft.VisualStudio.TestPlatform.CommandLine.TestRunResultAggregator.TestRunMessageHandler, took 0 ms.
TpTrace Information: 0 : 1948, 11, 2022/06/19, 00:55:09.721, 18615208425, vstest.console.dll, TestRunRequest:SendTestRunMessage: Completed.
TpTrace Verbose: 0 : 1948, 11, 2022/06/19, 00:55:09.721, 18615208771, vstest.console.dll, MulticastDelegateUtilities.SafeInvoke: LengthPrefixCommunicationChannel: MessageReceived: Invoking callback 1/1 for Microsoft.VisualStudio.TestPlatform.CommunicationUtilities.TestRequestSender+<>c__DisplayClass30_0.<StartTestRun>b__1, took 0 ms.
TpTrace Verbose: 0 : 1948, 11, 2022/06/19, 00:55:09.721, 18615209095, vstest.console.dll, TcpClientExtensions.MessageLoopAsync: Polling on remoteEndPoint: 127.0.0.1:1741 localEndPoint: 127.0.0.1:1739
TpTrace Verbose: 0 : 1948, 4, 2022/06/19, 00:55:09.721, 18615209577, vstest.console.dll, MulticastDelegateUtilities.SafeInvoke: InternalTestLoggerEvents.SendTestRunMessage: Invoking callback 1/1 for Microsoft.VisualStudio.TestPlatform.CommandLine.Internal.ConsoleLogger.TestMessageHandler, took 0 ms.
TpTrace Verbose: 0 : 1948, 11, 2022/06/19, 00:55:09.771, 18615716321, vstest.console.dll, TcpClientExtensions.MessageLoopAsync: NotifyDataAvailable remoteEndPoint: 127.0.0.1:1741 localEndPoint: 127.0.0.1:1739
TpTrace Verbose: 0 : 1948, 11, 2022/06/19, 00:55:09.772, 18615719590, vstest.console.dll, TestRequestSender.OnExecutionMessageReceived: Received message: {"Version":5,"MessageType":"TestExecution.Completed","Payload":{"TestRunCompleteArgs":{"TestRunStatistics":{"ExecutedTests":6,"Stats":{"Passed":6}},"IsCanceled":false,"IsAborted":false,"Error":null,"AttachmentSets":[],"ElapsedTimeInRunningTests":"00:00:01.0365423","Metrics":{}},"LastRunTests":{"NewTestResults":[{"TestCase":{"Id":"c37a4a35-a1e5-bd90-9e98-dca42a1239bd","FullyQualifiedName":"MyPortfolioTest.SeederTest.WriteToJsonTest","DisplayName":"MyPortfolioTest.SeederTest.WriteToJsonTest(name: \"Bond\", email: \"Bond1@gmail.com\", subject: \"Grateful God\", message: \"Feeling vibe just now\")","ExecutorUri":"executor://xunit/VsTestRunner2/netcoreapp","Source":"C:\\Users\\Decagon\\source\\repos\\Portfolio_DM\\MyPortfolioest\\bin\\Debug\\net5.0\\fine-code-coverage\\build-output\\MyPortfolioTest.dll","CodeFilePath":null,"LineNumber":0,"Properties":[]},"Attachments":[],"Outcome":1,"ErrorMessage":null,"ErrorStackTrace":null,"DisplayName":"MyPortfolioTest.SeederTest.WriteToJsonTest(name: \"Bond\", email: \"Bond1@gmail.com\", subject: \"Grateful God\", message: \"Feeling vibe just now\")","Messages":[],"ComputerName":"LAPTOP-OKIKVU38","Duration":"00:00:00.0824873","StartTime":"2022-06-18T23:55:09.6777064+00:00","EndTime":"2022-06-18T23:55:09.6778686+00:00","Properties":[]},{"TestCase":{"Id":"56c57bd4-8f0b-ce0a-6604-0f77742a899c","FullyQualifiedName":"MyPortfolioTest.SeederTest.WriteToJsonTest","DisplayName":"MyPortfolioTest.SeederTest.WriteToJsonTest(name: \"Kunle\", email: \"favourblessing1@gmail.com\", subject: \"Good\", message: \"Awesome good God\")","ExecutorUri":"executor://xunit/VsTestRunner2/netcoreapp","Source":"C:\\Users\\Decagon\\source\\repos\\Portfolio_DM\\MyPortfolioest\\bin\\Debug\\net5.0\\fine-code-coverage\\build-output\\MyPortfolioTest.dll","CodeFilePath":null,"LineNumber":0,"Properties":[]},"Attachments":[],"Outcome":1,"ErrorMessage":null,"ErrorStackTrace":null,"DisplayName":"MyPortfolioTest.SeederTest.WriteToJsonTest(name: \"Kunle\", email: \"favourblessing1@gmail.com\", subject: \"Good\", message: \"Awesome good God\")","Messages":[],"ComputerName":"LAPTOP-OKIKVU38","Duration":"00:00:00.0011563","StartTime":"2022-06-18T23:55:09.7076693+00:00","EndTime":"2022-06-18T23:55:09.7076718+00:00","Properties":[]},{"TestCase":{"Id":"488d7e6f-8cd3-43d3-d9e0-ad8dabf321ae","FullyQualifiedName":"MyPortfolioTest.SeederTest.WriteToJsonTest","DisplayName":"MyPortfolioTest.SeederTest.WriteToJsonTest(name: \"Favour\", email: \"favourblessing1@gmail.com\", subject: \"Doing Good\", message: \"Awesome good God\")","ExecutorUri":"executor://xunit/VsTestRunner2/netcoreapp","Source":"C:\\Users\\Decagon\\source\\repos\\Portfolio_DM\\MyPortfolioest\\bin\\Debug\\net5.0\\fine-code-coverage\\build-output\\MyPortfolioTest.dll","CodeFilePath":null,"LineNumber":0,"Properties":[]},"Attachments":[],"Outcome":1,"ErrorMessage":null,"ErrorStackTrace":null,"DisplayName":"MyPortfolioTest.SeederTest.WriteToJsonTest(name: \"Favour\", email: \"favourblessing1@gmail.com\", subject: \"Doing Good\", message: \"Awesome good God\")","Messages":[],"ComputerName":"LAPTOP-OKIKVU38","Duration":"00:00:00.0005870","StartTime":"2022-06-18T23:55:09.711075+00:00","EndTime":"2022-06-18T23:55:09.711077+00:00","Properties":[]},{"TestCase":{"Id":"185131a6-faa8-a295-5ae7-c1efb4e627c3","FullyQualifiedName":"MyPortfolioTest.SeederTest.ReadToJsonTest","DisplayName":"MyPortfolioTest.SeederTest.ReadToJsonTest(id: 3, imageUrl: \"../img / portfolio / GPACalculator.png\", projectLink: \"github.com/week3\")","ExecutorUri":"executor://xunit/VsTestRunner2/netcoreapp","Source":"C:\\Users\\Decagon\\source\\repos\\Portfolio_DM\\MyPortfolioest\\bin\\Debug\\net5.0\\fine-code-coverage\\build-output\\MyPortfolioTest.dll","CodeFilePath":null,"LineNumber":0,"Properties":[]},"Attachments":[],"Outcome":1,"ErrorMessage":null,"ErrorStackTrace":null,"DisplayName":"MyPortfolioTest.SeederTest.ReadToJsonTest(id: 3, imageUrl: \"../img / portfolio / GPACalculator.png\", projectLink: \"github.com/week3\")","Messages":[],"ComputerName":"LAPTOP-OKIKVU38","Duration":"00:00:00.0068019","StartTime":"2022-06-18T23:55:09.7128562+00:00","EndTime":"2022-06-18T23:55:09.712857+00:00","Properties":[]},{"TestCase":{"Id":"6f977e68-c8e4-74d8-41d3-2ab3078ca208","FullyQualifiedName":"MyPortfolioTest.SeederTest.ReadToJsonTest","DisplayName":"MyPortfolioTest.SeederTest.ReadToJsonTest(id: 1, imageUrl: \"../img / portfolio / GPACalculator.png\", projectLink: \"github.com/week1\")","ExecutorUri":"executor://xunit/VsTestRunner2/netcoreapp","Source":"C:\\Users\\Decagon\\source\\repos\\Portfolio_DM\\MyPortfolioest\\bin\\Debug\\net5.0\\fine-code-coverage\\build-output\\MyPortfolioTest.dll","CodeFilePath":null,"LineNumber":0,"Properties":[]},"Attachments":[],"Outcome":1,"ErrorMessage":null,"ErrorStackTrace":null,"DisplayName":"MyPortfolioTest.SeederTest.ReadToJsonTest(id: 1, imageUrl: \"../img / portfolio / GPACalculator.png\", projectLink: \"github.com/week1\")","Messages":[],"ComputerName":"LAPTOP-OKIKVU38","Duration":"00:00:00.0001632","StartTime":"2022-06-18T23:55:09.714532+00:00","EndTime":"2022-06-18T23:55:09.7145342+00:00","Properties":[]},{"TestCase":{"Id":"385d1872-a28a-c1dd-52fb-3781b112ce0f","FullyQualifiedName":"MyPortfolioTest.SeederTest.ReadToJsonTest","DisplayName":"MyPortfolioTest.SeederTest.ReadToJsonTest(id: 2, imageUrl: \"../img / portfolio / GPACalculator.png\", projectLink: \"github.com/week2\")","ExecutorUri":"executor://xunit/VsTestRunner2/netcoreapp","Source":"C:\\Users\\Decagon\\source\\repos\\Portfolio_DM\\MyPortfolioest\\bin\\Debug\\net5.0\\fine-code-coverage\\build-output\\MyPortfolioTest.dll","CodeFilePath":null,"LineNumber":0,"Properties":[]},"Attachments":[],"Outcome":1,"ErrorMessage":null,"ErrorStackTrace":null,"DisplayName":"MyPortfolioTest.SeederTest.ReadToJsonTest(id: 2, imageUrl: \"../img / portfolio / GPACalculator.png\", projectLink: \"github.com/week2\")","Messages":[],"ComputerName":"LAPTOP-OKIKVU38","Duration":"00:00:00.0000653","StartTime":"2022-06-18T23:55:09.7173636+00:00","EndTime":"2022-06-18T23:55:09.7173653+00:00","Properties":[]}],"TestRunStatistics":{"ExecutedTests":6,"Stats":{"Passed":6}},"ActiveTests":[]},"RunAttachments":[],"ExecutorUris":["executor://xunit/VsTestRunner2/netcoreapp"]}}
TpTrace Verbose: 0 : 1948, 11, 2022/06/19, 00:55:09.773, 18615735432, vstest.console.dll, TestRequestSender.EndSession: Sending end session.
TpTrace Verbose: 0 : 1948, 11, 2022/06/19, 00:55:09.773, 18615736698, vstest.console.dll, ProxyOperationManager.Close: waiting for test host to exit for 100 ms
TpTrace Warning: 0 : 1948, 13, 2022/06/19, 00:55:09.820, 18616203221, vstest.console.dll, TestHostManagerCallbacks.ErrorReceivedCallback Test host standard error line: 
TpTrace Verbose: 0 : 1948, 13, 2022/06/19, 00:55:09.837, 18616370569, vstest.console.dll, TestHostProvider.ExitCallBack: Host exited starting callback.
TpTrace Information: 0 : 1948, 13, 2022/06/19, 00:55:09.837, 18616374965, vstest.console.dll, TestHostManagerCallbacks.ExitCallBack: Testhost processId: 22156 exited with exitcode: 0 error: ''
TpTrace Verbose: 0 : 1948, 13, 2022/06/19, 00:55:09.837, 18616375356, vstest.console.dll, DotnetTestHostManager.OnHostExited: invoking OnHostExited callback
TpTrace Verbose: 0 : 1948, 13, 2022/06/19, 00:55:09.837, 18616375854, vstest.console.dll, CrossPlatEngine.TestHostManagerHostExited: calling on client process exit callback.
TpTrace Information: 0 : 1948, 13, 2022/06/19, 00:55:09.837, 18616376318, vstest.console.dll, TestRequestSender.OnClientProcessExit: Test host process exited. Standard error: 
TpTrace Information: 0 : 1948, 13, 2022/06/19, 00:55:09.837, 18616376557, vstest.console.dll, SocketServer.Stop: Stop server endPoint: 127.0.0.1:1739
TpTrace Information: 0 : 1948, 13, 2022/06/19, 00:55:09.837, 18616376705, vstest.console.dll, SocketServer.Stop: Cancellation requested. Stopping message loop.
TpTrace Verbose: 0 : 1948, 13, 2022/06/19, 00:55:09.837, 18616377423, vstest.console.dll, MulticastDelegateUtilities.SafeInvoke: HostProviderEvents.OnHostExited: Invoking callback 1/1 for Microsoft.VisualStudio.TestPlatform.CrossPlatEngine.Client.ProxyOperationManager.TestHostManagerHostExited, took 0 ms.
TpTrace Information: 0 : 1948, 11, 2022/06/19, 00:55:09.837, 18616377465, vstest.console.dll, SocketServer.Stop: Stop server endPoint: 127.0.0.1:1739
TpTrace Information: 0 : 1948, 11, 2022/06/19, 00:55:09.838, 18616378775, vstest.console.dll, SocketServer.Stop: Cancellation requested. Stopping message loop.
TpTrace Information: 0 : 1948, 11, 2022/06/19, 00:55:09.838, 18616379526, vstest.console.dll, Closing the connection
TpTrace Verbose: 0 : 1948, 11, 2022/06/19, 00:55:09.838, 18616383525, vstest.console.dll, ProxyDataCollectionManager.InvokeDataCollectionServiceAction: Starting.
TpTrace Information: 0 : 1948, 11, 2022/06/19, 00:55:09.838, 18616384010, vstest.console.dll, ProxyDataCollectionManager.AfterTestRunEnd: Get attachment set and invoked data collectors processId: 3048 port: 1736
TpTrace Verbose: 0 : 1948, 11, 2022/06/19, 00:55:09.838, 18616384378, vstest.console.dll, DataCollectionRequestSender.SendAfterTestRunStartAndGetResult: Send AfterTestRunEnd message with isCancelled: False
TpTrace Verbose: 0 : 1948, 11, 2022/06/19, 00:55:09.844, 18616441982, vstest.console.dll, DataCollectionRequestSender.SendAfterTestRunStartAndGetResult: Received message: (DataCollection.AfterTestRunEndResult) -> {
  "AttachmentSets": [],
  "InvokedDataCollectors": [
    {
      "Uri": "datacollector://Microsoft/TestPlatform/Extensions/Blame/v1",
      "FriendlyName": "Blame",
      "AssemblyQualifiedName": "Microsoft.TestPlatform.Extensions.BlameDataCollector.BlameCollector, Microsoft.TestPlatform.Extensions.BlameDataCollector, Version=15.0.0.0, Culture=neutral, PublicKeyToken=b03f5f7f11d50a3a",
      "FilePath": "C:\\Program Files\\dotnet\\sdk\\6.0.300\\Extensions\\Microsoft.TestPlatform.Extensions.BlameDataCollector.dll",
      "HasAttachmentProcessor": false
    }
  ],
  "Metrics": {}
}
TpTrace Warning: 0 : 1948, 10, 2022/06/19, 00:55:09.849, 18616494283, vstest.console.dll, DataCollectionLauncher.ErrorReceivedCallback datacollector standard error line: 
TpTrace Information: 0 : 1948, 11, 2022/06/19, 00:55:09.853, 18616536773, vstest.console.dll, ProxyDataCollectionManager.InvokeDataCollectionServiceAction: Completed.
TpTrace Information: 0 : 1948, 10, 2022/06/19, 00:55:09.854, 18616547179, vstest.console.dll, DataCollectionLauncher.ExitCallBack: Data collector exited with exitcode: 0 error: ''
TpTrace Verbose: 0 : 1948, 11, 2022/06/19, 00:55:09.900, 18617003931, vstest.console.dll, TestRunRequest:SendTestRunStatsChange: Starting.
TpTrace Verbose: 0 : 1948, 11, 2022/06/19, 00:55:09.900, 18617006085, vstest.console.dll, MulticastDelegateUtilities.SafeInvoke: TestRun.RunStatsChanged: Invoking callbacks was skipped because there are no subscribers.
TpTrace Information: 0 : 1948, 11, 2022/06/19, 00:55:09.900, 18617006357, vstest.console.dll, TestRunRequest:SendTestRunStatsChange: Completed.
TpTrace Verbose: 0 : 1948, 11, 2022/06/19, 00:55:09.901, 18617008187, vstest.console.dll, ParallelProxyExecutionManager: HandlePartialRunComplete: Total completed clients = 1, Run complete = True, Run canceled: False.
TpTrace Verbose: 0 : 1948, 4, 2022/06/19, 00:55:09.903, 18617037900, vstest.console.dll, MulticastDelegateUtilities.SafeInvoke: InternalTestLoggerEvents.SendTestResult: Invoking callback 1/1 for Microsoft.VisualStudio.TestPlatform.CommandLine.Internal.ConsoleLogger.TestResultHandler, took 3 ms.
TpTrace Verbose: 0 : 1948, 4, 2022/06/19, 00:55:09.904, 18617038958, vstest.console.dll, MulticastDelegateUtilities.SafeInvoke: InternalTestLoggerEvents.SendTestResult: Invoking callback 1/1 for Microsoft.VisualStudio.TestPlatform.CommandLine.Internal.ConsoleLogger.TestResultHandler, took 0 ms.
TpTrace Verbose: 0 : 1948, 4, 2022/06/19, 00:55:09.904, 18617039591, vstest.console.dll, MulticastDelegateUtilities.SafeInvoke: InternalTestLoggerEvents.SendTestResult: Invoking callback 1/1 for Microsoft.VisualStudio.TestPlatform.CommandLine.Internal.ConsoleLogger.TestResultHandler, took 0 ms.
TpTrace Verbose: 0 : 1948, 4, 2022/06/19, 00:55:09.904, 18617040451, vstest.console.dll, MulticastDelegateUtilities.SafeInvoke: InternalTestLoggerEvents.SendTestResult: Invoking callback 1/1 for Microsoft.VisualStudio.TestPlatform.CommandLine.Internal.ConsoleLogger.TestResultHandler, took 0 ms.
TpTrace Verbose: 0 : 1948, 4, 2022/06/19, 00:55:09.904, 18617040986, vstest.console.dll, MulticastDelegateUtilities.SafeInvoke: InternalTestLoggerEvents.SendTestResult: Invoking callback 1/1 for Microsoft.VisualStudio.TestPlatform.CommandLine.Internal.ConsoleLogger.TestResultHandler, took 0 ms.
TpTrace Verbose: 0 : 1948, 4, 2022/06/19, 00:55:09.904, 18617041482, vstest.console.dll, MulticastDelegateUtilities.SafeInvoke: InternalTestLoggerEvents.SendTestResult: Invoking callback 1/1 for Microsoft.VisualStudio.TestPlatform.CommandLine.Internal.ConsoleLogger.TestResultHandler, took 0 ms.
TpTrace Verbose: 0 : 1948, 4, 2022/06/19, 00:55:09.910, 18617101149, vstest.console.dll, MulticastDelegateUtilities.SafeInvoke: InternalTestLoggerEvents.SendTestRunComplete: Invoking callback 1/2 for Microsoft.TestPlatform.Extensions.BlameDataCollector.BlameLogger.TestRunCompleteHandler, took 0 ms.
TpTrace Verbose: 0 : 1948, 4, 2022/06/19, 00:55:09.917, 18617169051, vstest.console.dll, MulticastDelegateUtilities.SafeInvoke: InternalTestLoggerEvents.SendTestRunComplete: Invoking callback 2/2 for Microsoft.VisualStudio.TestPlatform.CommandLine.Internal.ConsoleLogger.TestRunCompleteHandler, took 6 ms.
TpTrace Verbose: 0 : 1948, 11, 2022/06/19, 00:55:09.917, 18617174992, vstest.console.dll, TestRunRequest:TestRunComplete: Starting. IsAborted:False IsCanceled:False.
TpTrace Verbose: 0 : 1948, 11, 2022/06/19, 00:55:09.918, 18617182400, vstest.console.dll, TestLoggerManager.HandleTestRunComplete: Ignoring as the object is disposed.
TpTrace Verbose: 0 : 1948, 11, 2022/06/19, 00:55:09.918, 18617184255, vstest.console.dll, MulticastDelegateUtilities.SafeInvoke: TestRun.TestRunComplete: Invoking callback 1/2 for Microsoft.VisualStudio.TestPlatform.CommandLine.TestRunResultAggregator.TestRunCompletionHandler, took 0 ms.
TpTrace Verbose: 0 : 1948, 11, 2022/06/19, 00:55:09.918, 18617184781, vstest.console.dll, MulticastDelegateUtilities.SafeInvoke: TestRun.TestRunComplete: Invoking callback 2/2 for Microsoft.VisualStudio.TestPlatform.CommandLine.Processors.RunTestsArgumentExecutor+TestRunRequestEventsRegistrar.TestRunRequest_OnRunCompletion, took 0 ms.
TpTrace Information: 0 : 1948, 11, 2022/06/19, 00:55:09.918, 18617185387, vstest.console.dll, TestRunRequest:TestRunComplete: Completed.
TpTrace Verbose: 0 : 1948, 11, 2022/06/19, 00:55:09.918, 18617185642, vstest.console.dll, TestRequestSender.SetOperationComplete: Setting operation complete.
TpTrace Information: 0 : 1948, 11, 2022/06/19, 00:55:09.918, 18617186087, vstest.console.dll, SocketServer.Stop: Stop server endPoint: 127.0.0.1:1739
TpTrace Information: 0 : 1948, 11, 2022/06/19, 00:55:09.918, 18617186225, vstest.console.dll, SocketServer.Stop: Cancellation requested. Stopping message loop.
TpTrace Verbose: 0 : 1948, 11, 2022/06/19, 00:55:09.918, 18617186403, vstest.console.dll, MulticastDelegateUtilities.SafeInvoke: LengthPrefixCommunicationChannel: MessageReceived: Invoking callback 1/1 for Microsoft.VisualStudio.TestPlatform.CommunicationUtilities.TestRequestSender+<>c__DisplayClass30_0.<StartTestRun>b__1, took 146 ms.
TpTrace Information: 0 : 1948, 11, 2022/06/19, 00:55:09.918, 18617186646, vstest.console.dll, SocketServer.PrivateStop: Stopping server endPoint: 127.0.0.1:1739 error: 
TpTrace Verbose: 0 : 1948, 1, 2022/06/19, 00:55:09.918, 18617186783, vstest.console.dll, TestRunRequest.Dispose: Starting.
TpTrace Information: 0 : 1948, 1, 2022/06/19, 00:55:09.918, 18617187699, vstest.console.dll, TestRunRequest.Dispose: Completed.
TpTrace Information: 0 : 1948, 1, 2022/06/19, 00:55:09.919, 18617188241, vstest.console.dll, TestRequestManager.RunTests: run tests completed.
TpTrace Information: 0 : 1948, 1, 2022/06/19, 00:55:09.919, 18617189304, vstest.console.dll, RunTestsArgumentProcessor:Execute: Test run is completed.
TpTrace Verbose: 0 : 1948, 11, 2022/06/19, 00:55:09.919, 18617189992, vstest.console.dll, LengthPrefixCommunicationChannel.Dispose: Dispose reader and writer.
TpTrace Information: 0 : 1948, 11, 2022/06/19, 00:55:09.919, 18617190486, vstest.console.dll, SocketServer.Stop: Raise disconnected event endPoint: 127.0.0.1:1739 error: 
TpTrace Verbose: 0 : 1948, 11, 2022/06/19, 00:55:09.919, 18617190869, vstest.console.dll, TestRequestSender: OnTestRunAbort: Operation is already complete. Skip error message.
TpTrace Verbose: 0 : 1948, 11, 2022/06/19, 00:55:09.919, 18617191108, vstest.console.dll, MulticastDelegateUtilities.SafeInvoke: SocketServer: ClientDisconnected: Invoking callback 1/1 for Microsoft.VisualStudio.TestPlatform.CommunicationUtilities.TestRequestSender.<InitializeCommunication>b__23_1, took 0 ms.
TpTrace Verbose: 0 : 1948, 1, 2022/06/19, 00:55:09.919, 18617191189, vstest.console.dll, Executor.Execute: Exiting with exit code of 0
TpTrace Verbose: 0 : 1948, 11, 2022/06/19, 00:55:09.919, 18617191280, vstest.console.dll, TcpClientExtensions.MessageLoopAsync: exiting MessageLoopAsync remoteEndPoint: 127.0.0.1:1741 localEndPoint: 127.0.0.1:1739
